

Microchip Technology PIC LITE Macro Assembler V1.38 build -256452561 
                                                                                               Wed Dec 14 10:13:50 2016

Microchip Technology Omniscient Code Generator v1.38 (Free mode) build 201607010351
     1                           	processor	16F1825
     2                           	opt	pw 120
     3                           	opt	lm
     4                           	psect	cinit,global,class=CODE,merge=1,delta=2
     5                           	psect	bssCOMMON,global,class=COMMON,space=1,delta=1
     6                           	psect	bssBANK0,global,class=BANK0,space=1,delta=1
     7                           	psect	cstackCOMMON,global,class=COMMON,space=1,delta=1
     8                           	psect	cstackBANK0,global,class=BANK0,space=1,delta=1
     9                           	psect	maintext,global,class=CODE,merge=1,split=1,delta=2
    10                           	psect	text1,local,class=CODE,merge=1,delta=2
    11                           	psect	text2,local,class=CODE,merge=1,delta=2
    12                           	psect	intentry,global,class=CODE,delta=2
    13                           	dabs	1,0x7E,2
    14  0000                     	;# 
    15  0001                     	;# 
    16  0002                     	;# 
    17  0003                     	;# 
    18  0004                     	;# 
    19  0005                     	;# 
    20  0006                     	;# 
    21  0007                     	;# 
    22  0008                     	;# 
    23  0009                     	;# 
    24  000A                     	;# 
    25  000B                     	;# 
    26  000C                     	;# 
    27  000E                     	;# 
    28  0011                     	;# 
    29  0012                     	;# 
    30  0013                     	;# 
    31  0015                     	;# 
    32  0016                     	;# 
    33  0016                     	;# 
    34  0017                     	;# 
    35  0018                     	;# 
    36  0019                     	;# 
    37  001A                     	;# 
    38  001B                     	;# 
    39  001C                     	;# 
    40  001E                     	;# 
    41  001F                     	;# 
    42  008C                     	;# 
    43  008E                     	;# 
    44  0091                     	;# 
    45  0092                     	;# 
    46  0093                     	;# 
    47  0095                     	;# 
    48  0096                     	;# 
    49  0097                     	;# 
    50  0098                     	;# 
    51  0099                     	;# 
    52  009A                     	;# 
    53  009B                     	;# 
    54  009B                     	;# 
    55  009C                     	;# 
    56  009D                     	;# 
    57  009E                     	;# 
    58  010C                     	;# 
    59  010E                     	;# 
    60  0111                     	;# 
    61  0112                     	;# 
    62  0113                     	;# 
    63  0114                     	;# 
    64  0115                     	;# 
    65  0116                     	;# 
    66  0117                     	;# 
    67  0118                     	;# 
    68  0119                     	;# 
    69  011A                     	;# 
    70  011B                     	;# 
    71  011D                     	;# 
    72  011E                     	;# 
    73  018C                     	;# 
    74  018E                     	;# 
    75  0191                     	;# 
    76  0191                     	;# 
    77  0192                     	;# 
    78  0193                     	;# 
    79  0193                     	;# 
    80  0193                     	;# 
    81  0194                     	;# 
    82  0195                     	;# 
    83  0196                     	;# 
    84  0199                     	;# 
    85  019A                     	;# 
    86  019B                     	;# 
    87  019B                     	;# 
    88  019C                     	;# 
    89  019D                     	;# 
    90  019E                     	;# 
    91  019F                     	;# 
    92  020C                     	;# 
    93  020E                     	;# 
    94  0211                     	;# 
    95  0211                     	;# 
    96  0212                     	;# 
    97  0212                     	;# 
    98  0213                     	;# 
    99  0213                     	;# 
   100  0214                     	;# 
   101  0214                     	;# 
   102  0215                     	;# 
   103  0215                     	;# 
   104  0215                     	;# 
   105  0216                     	;# 
   106  0216                     	;# 
   107  0217                     	;# 
   108  0217                     	;# 
   109  0291                     	;# 
   110  0291                     	;# 
   111  0292                     	;# 
   112  0293                     	;# 
   113  0294                     	;# 
   114  0295                     	;# 
   115  0295                     	;# 
   116  0296                     	;# 
   117  0298                     	;# 
   118  0298                     	;# 
   119  0299                     	;# 
   120  029A                     	;# 
   121  029B                     	;# 
   122  029C                     	;# 
   123  029D                     	;# 
   124  029E                     	;# 
   125  0311                     	;# 
   126  0311                     	;# 
   127  0312                     	;# 
   128  0313                     	;# 
   129  0318                     	;# 
   130  0318                     	;# 
   131  0319                     	;# 
   132  031A                     	;# 
   133  038C                     	;# 
   134  038E                     	;# 
   135  0391                     	;# 
   136  0392                     	;# 
   137  0393                     	;# 
   138  039A                     	;# 
   139  039C                     	;# 
   140  039D                     	;# 
   141  039E                     	;# 
   142  039F                     	;# 
   143  0415                     	;# 
   144  0416                     	;# 
   145  0417                     	;# 
   146  041C                     	;# 
   147  041D                     	;# 
   148  041E                     	;# 
   149  0FE4                     	;# 
   150  0FE5                     	;# 
   151  0FE6                     	;# 
   152  0FE7                     	;# 
   153  0FE8                     	;# 
   154  0FE9                     	;# 
   155  0FEA                     	;# 
   156  0FEB                     	;# 
   157  0FED                     	;# 
   158  0FEE                     	;# 
   159  0FEF                     	;# 
   160  0000                     	;# 
   161  0001                     	;# 
   162  0002                     	;# 
   163  0003                     	;# 
   164  0004                     	;# 
   165  0005                     	;# 
   166  0006                     	;# 
   167  0007                     	;# 
   168  0008                     	;# 
   169  0009                     	;# 
   170  000A                     	;# 
   171  000B                     	;# 
   172  000C                     	;# 
   173  000E                     	;# 
   174  0011                     	;# 
   175  0012                     	;# 
   176  0013                     	;# 
   177  0015                     	;# 
   178  0016                     	;# 
   179  0016                     	;# 
   180  0017                     	;# 
   181  0018                     	;# 
   182  0019                     	;# 
   183  001A                     	;# 
   184  001B                     	;# 
   185  001C                     	;# 
   186  001E                     	;# 
   187  001F                     	;# 
   188  008C                     	;# 
   189  008E                     	;# 
   190  0091                     	;# 
   191  0092                     	;# 
   192  0093                     	;# 
   193  0095                     	;# 
   194  0096                     	;# 
   195  0097                     	;# 
   196  0098                     	;# 
   197  0099                     	;# 
   198  009A                     	;# 
   199  009B                     	;# 
   200  009B                     	;# 
   201  009C                     	;# 
   202  009D                     	;# 
   203  009E                     	;# 
   204  010C                     	;# 
   205  010E                     	;# 
   206  0111                     	;# 
   207  0112                     	;# 
   208  0113                     	;# 
   209  0114                     	;# 
   210  0115                     	;# 
   211  0116                     	;# 
   212  0117                     	;# 
   213  0118                     	;# 
   214  0119                     	;# 
   215  011A                     	;# 
   216  011B                     	;# 
   217  011D                     	;# 
   218  011E                     	;# 
   219  018C                     	;# 
   220  018E                     	;# 
   221  0191                     	;# 
   222  0191                     	;# 
   223  0192                     	;# 
   224  0193                     	;# 
   225  0193                     	;# 
   226  0193                     	;# 
   227  0194                     	;# 
   228  0195                     	;# 
   229  0196                     	;# 
   230  0199                     	;# 
   231  019A                     	;# 
   232  019B                     	;# 
   233  019B                     	;# 
   234  019C                     	;# 
   235  019D                     	;# 
   236  019E                     	;# 
   237  019F                     	;# 
   238  020C                     	;# 
   239  020E                     	;# 
   240  0211                     	;# 
   241  0211                     	;# 
   242  0212                     	;# 
   243  0212                     	;# 
   244  0213                     	;# 
   245  0213                     	;# 
   246  0214                     	;# 
   247  0214                     	;# 
   248  0215                     	;# 
   249  0215                     	;# 
   250  0215                     	;# 
   251  0216                     	;# 
   252  0216                     	;# 
   253  0217                     	;# 
   254  0217                     	;# 
   255  0291                     	;# 
   256  0291                     	;# 
   257  0292                     	;# 
   258  0293                     	;# 
   259  0294                     	;# 
   260  0295                     	;# 
   261  0295                     	;# 
   262  0296                     	;# 
   263  0298                     	;# 
   264  0298                     	;# 
   265  0299                     	;# 
   266  029A                     	;# 
   267  029B                     	;# 
   268  029C                     	;# 
   269  029D                     	;# 
   270  029E                     	;# 
   271  0311                     	;# 
   272  0311                     	;# 
   273  0312                     	;# 
   274  0313                     	;# 
   275  0318                     	;# 
   276  0318                     	;# 
   277  0319                     	;# 
   278  031A                     	;# 
   279  038C                     	;# 
   280  038E                     	;# 
   281  0391                     	;# 
   282  0392                     	;# 
   283  0393                     	;# 
   284  039A                     	;# 
   285  039C                     	;# 
   286  039D                     	;# 
   287  039E                     	;# 
   288  039F                     	;# 
   289  0415                     	;# 
   290  0416                     	;# 
   291  0417                     	;# 
   292  041C                     	;# 
   293  041D                     	;# 
   294  041E                     	;# 
   295  0FE4                     	;# 
   296  0FE5                     	;# 
   297  0FE6                     	;# 
   298  0FE7                     	;# 
   299  0FE8                     	;# 
   300  0FE9                     	;# 
   301  0FEA                     	;# 
   302  0FEB                     	;# 
   303  0FED                     	;# 
   304  0FEE                     	;# 
   305  0FEF                     	;# 
   306  0000                     	;# 
   307  0001                     	;# 
   308  0002                     	;# 
   309  0003                     	;# 
   310  0004                     	;# 
   311  0005                     	;# 
   312  0006                     	;# 
   313  0007                     	;# 
   314  0008                     	;# 
   315  0009                     	;# 
   316  000A                     	;# 
   317  000B                     	;# 
   318  000C                     	;# 
   319  000E                     	;# 
   320  0011                     	;# 
   321  0012                     	;# 
   322  0013                     	;# 
   323  0015                     	;# 
   324  0016                     	;# 
   325  0016                     	;# 
   326  0017                     	;# 
   327  0018                     	;# 
   328  0019                     	;# 
   329  001A                     	;# 
   330  001B                     	;# 
   331  001C                     	;# 
   332  001E                     	;# 
   333  001F                     	;# 
   334  008C                     	;# 
   335  008E                     	;# 
   336  0091                     	;# 
   337  0092                     	;# 
   338  0093                     	;# 
   339  0095                     	;# 
   340  0096                     	;# 
   341  0097                     	;# 
   342  0098                     	;# 
   343  0099                     	;# 
   344  009A                     	;# 
   345  009B                     	;# 
   346  009B                     	;# 
   347  009C                     	;# 
   348  009D                     	;# 
   349  009E                     	;# 
   350  010C                     	;# 
   351  010E                     	;# 
   352  0111                     	;# 
   353  0112                     	;# 
   354  0113                     	;# 
   355  0114                     	;# 
   356  0115                     	;# 
   357  0116                     	;# 
   358  0117                     	;# 
   359  0118                     	;# 
   360  0119                     	;# 
   361  011A                     	;# 
   362  011B                     	;# 
   363  011D                     	;# 
   364  011E                     	;# 
   365  018C                     	;# 
   366  018E                     	;# 
   367  0191                     	;# 
   368  0191                     	;# 
   369  0192                     	;# 
   370  0193                     	;# 
   371  0193                     	;# 
   372  0193                     	;# 
   373  0194                     	;# 
   374  0195                     	;# 
   375  0196                     	;# 
   376  0199                     	;# 
   377  019A                     	;# 
   378  019B                     	;# 
   379  019B                     	;# 
   380  019C                     	;# 
   381  019D                     	;# 
   382  019E                     	;# 
   383  019F                     	;# 
   384  020C                     	;# 
   385  020E                     	;# 
   386  0211                     	;# 
   387  0211                     	;# 
   388  0212                     	;# 
   389  0212                     	;# 
   390  0213                     	;# 
   391  0213                     	;# 
   392  0214                     	;# 
   393  0214                     	;# 
   394  0215                     	;# 
   395  0215                     	;# 
   396  0215                     	;# 
   397  0216                     	;# 
   398  0216                     	;# 
   399  0217                     	;# 
   400  0217                     	;# 
   401  0291                     	;# 
   402  0291                     	;# 
   403  0292                     	;# 
   404  0293                     	;# 
   405  0294                     	;# 
   406  0295                     	;# 
   407  0295                     	;# 
   408  0296                     	;# 
   409  0298                     	;# 
   410  0298                     	;# 
   411  0299                     	;# 
   412  029A                     	;# 
   413  029B                     	;# 
   414  029C                     	;# 
   415  029D                     	;# 
   416  029E                     	;# 
   417  0311                     	;# 
   418  0311                     	;# 
   419  0312                     	;# 
   420  0313                     	;# 
   421  0318                     	;# 
   422  0318                     	;# 
   423  0319                     	;# 
   424  031A                     	;# 
   425  038C                     	;# 
   426  038E                     	;# 
   427  0391                     	;# 
   428  0392                     	;# 
   429  0393                     	;# 
   430  039A                     	;# 
   431  039C                     	;# 
   432  039D                     	;# 
   433  039E                     	;# 
   434  039F                     	;# 
   435  0415                     	;# 
   436  0416                     	;# 
   437  0417                     	;# 
   438  041C                     	;# 
   439  041D                     	;# 
   440  041E                     	;# 
   441  0FE4                     	;# 
   442  0FE5                     	;# 
   443  0FE6                     	;# 
   444  0FE7                     	;# 
   445  0FE8                     	;# 
   446  0FE9                     	;# 
   447  0FEA                     	;# 
   448  0FEB                     	;# 
   449  0FED                     	;# 
   450  0FEE                     	;# 
   451  0FEF                     	;# 
   452  0000                     	;# 
   453  0001                     	;# 
   454  0002                     	;# 
   455  0003                     	;# 
   456  0004                     	;# 
   457  0005                     	;# 
   458  0006                     	;# 
   459  0007                     	;# 
   460  0008                     	;# 
   461  0009                     	;# 
   462  000A                     	;# 
   463  000B                     	;# 
   464  000C                     	;# 
   465  000E                     	;# 
   466  0011                     	;# 
   467  0012                     	;# 
   468  0013                     	;# 
   469  0015                     	;# 
   470  0016                     	;# 
   471  0016                     	;# 
   472  0017                     	;# 
   473  0018                     	;# 
   474  0019                     	;# 
   475  001A                     	;# 
   476  001B                     	;# 
   477  001C                     	;# 
   478  001E                     	;# 
   479  001F                     	;# 
   480  008C                     	;# 
   481  008E                     	;# 
   482  0091                     	;# 
   483  0092                     	;# 
   484  0093                     	;# 
   485  0095                     	;# 
   486  0096                     	;# 
   487  0097                     	;# 
   488  0098                     	;# 
   489  0099                     	;# 
   490  009A                     	;# 
   491  009B                     	;# 
   492  009B                     	;# 
   493  009C                     	;# 
   494  009D                     	;# 
   495  009E                     	;# 
   496  010C                     	;# 
   497  010E                     	;# 
   498  0111                     	;# 
   499  0112                     	;# 
   500  0113                     	;# 
   501  0114                     	;# 
   502  0115                     	;# 
   503  0116                     	;# 
   504  0117                     	;# 
   505  0118                     	;# 
   506  0119                     	;# 
   507  011A                     	;# 
   508  011B                     	;# 
   509  011D                     	;# 
   510  011E                     	;# 
   511  018C                     	;# 
   512  018E                     	;# 
   513  0191                     	;# 
   514  0191                     	;# 
   515  0192                     	;# 
   516  0193                     	;# 
   517  0193                     	;# 
   518  0193                     	;# 
   519  0194                     	;# 
   520  0195                     	;# 
   521  0196                     	;# 
   522  0199                     	;# 
   523  019A                     	;# 
   524  019B                     	;# 
   525  019B                     	;# 
   526  019C                     	;# 
   527  019D                     	;# 
   528  019E                     	;# 
   529  019F                     	;# 
   530  020C                     	;# 
   531  020E                     	;# 
   532  0211                     	;# 
   533  0211                     	;# 
   534  0212                     	;# 
   535  0212                     	;# 
   536  0213                     	;# 
   537  0213                     	;# 
   538  0214                     	;# 
   539  0214                     	;# 
   540  0215                     	;# 
   541  0215                     	;# 
   542  0215                     	;# 
   543  0216                     	;# 
   544  0216                     	;# 
   545  0217                     	;# 
   546  0217                     	;# 
   547  0291                     	;# 
   548  0291                     	;# 
   549  0292                     	;# 
   550  0293                     	;# 
   551  0294                     	;# 
   552  0295                     	;# 
   553  0295                     	;# 
   554  0296                     	;# 
   555  0298                     	;# 
   556  0298                     	;# 
   557  0299                     	;# 
   558  029A                     	;# 
   559  029B                     	;# 
   560  029C                     	;# 
   561  029D                     	;# 
   562  029E                     	;# 
   563  0311                     	;# 
   564  0311                     	;# 
   565  0312                     	;# 
   566  0313                     	;# 
   567  0318                     	;# 
   568  0318                     	;# 
   569  0319                     	;# 
   570  031A                     	;# 
   571  038C                     	;# 
   572  038E                     	;# 
   573  0391                     	;# 
   574  0392                     	;# 
   575  0393                     	;# 
   576  039A                     	;# 
   577  039C                     	;# 
   578  039D                     	;# 
   579  039E                     	;# 
   580  039F                     	;# 
   581  0415                     	;# 
   582  0416                     	;# 
   583  0417                     	;# 
   584  041C                     	;# 
   585  041D                     	;# 
   586  041E                     	;# 
   587  0FE4                     	;# 
   588  0FE5                     	;# 
   589  0FE6                     	;# 
   590  0FE7                     	;# 
   591  0FE8                     	;# 
   592  0FE9                     	;# 
   593  0FEA                     	;# 
   594  0FEB                     	;# 
   595  0FED                     	;# 
   596  0FEE                     	;# 
   597  0FEF                     	;# 
   598  0000                     	;# 
   599  0001                     	;# 
   600  0002                     	;# 
   601  0003                     	;# 
   602  0004                     	;# 
   603  0005                     	;# 
   604  0006                     	;# 
   605  0007                     	;# 
   606  0008                     	;# 
   607  0009                     	;# 
   608  000A                     	;# 
   609  000B                     	;# 
   610  000C                     	;# 
   611  000E                     	;# 
   612  0011                     	;# 
   613  0012                     	;# 
   614  0013                     	;# 
   615  0015                     	;# 
   616  0016                     	;# 
   617  0016                     	;# 
   618  0017                     	;# 
   619  0018                     	;# 
   620  0019                     	;# 
   621  001A                     	;# 
   622  001B                     	;# 
   623  001C                     	;# 
   624  001E                     	;# 
   625  001F                     	;# 
   626  008C                     	;# 
   627  008E                     	;# 
   628  0091                     	;# 
   629  0092                     	;# 
   630  0093                     	;# 
   631  0095                     	;# 
   632  0096                     	;# 
   633  0097                     	;# 
   634  0098                     	;# 
   635  0099                     	;# 
   636  009A                     	;# 
   637  009B                     	;# 
   638  009B                     	;# 
   639  009C                     	;# 
   640  009D                     	;# 
   641  009E                     	;# 
   642  010C                     	;# 
   643  010E                     	;# 
   644  0111                     	;# 
   645  0112                     	;# 
   646  0113                     	;# 
   647  0114                     	;# 
   648  0115                     	;# 
   649  0116                     	;# 
   650  0117                     	;# 
   651  0118                     	;# 
   652  0119                     	;# 
   653  011A                     	;# 
   654  011B                     	;# 
   655  011D                     	;# 
   656  011E                     	;# 
   657  018C                     	;# 
   658  018E                     	;# 
   659  0191                     	;# 
   660  0191                     	;# 
   661  0192                     	;# 
   662  0193                     	;# 
   663  0193                     	;# 
   664  0193                     	;# 
   665  0194                     	;# 
   666  0195                     	;# 
   667  0196                     	;# 
   668  0199                     	;# 
   669  019A                     	;# 
   670  019B                     	;# 
   671  019B                     	;# 
   672  019C                     	;# 
   673  019D                     	;# 
   674  019E                     	;# 
   675  019F                     	;# 
   676  020C                     	;# 
   677  020E                     	;# 
   678  0211                     	;# 
   679  0211                     	;# 
   680  0212                     	;# 
   681  0212                     	;# 
   682  0213                     	;# 
   683  0213                     	;# 
   684  0214                     	;# 
   685  0214                     	;# 
   686  0215                     	;# 
   687  0215                     	;# 
   688  0215                     	;# 
   689  0216                     	;# 
   690  0216                     	;# 
   691  0217                     	;# 
   692  0217                     	;# 
   693  0291                     	;# 
   694  0291                     	;# 
   695  0292                     	;# 
   696  0293                     	;# 
   697  0294                     	;# 
   698  0295                     	;# 
   699  0295                     	;# 
   700  0296                     	;# 
   701  0298                     	;# 
   702  0298                     	;# 
   703  0299                     	;# 
   704  029A                     	;# 
   705  029B                     	;# 
   706  029C                     	;# 
   707  029D                     	;# 
   708  029E                     	;# 
   709  0311                     	;# 
   710  0311                     	;# 
   711  0312                     	;# 
   712  0313                     	;# 
   713  0318                     	;# 
   714  0318                     	;# 
   715  0319                     	;# 
   716  031A                     	;# 
   717  038C                     	;# 
   718  038E                     	;# 
   719  0391                     	;# 
   720  0392                     	;# 
   721  0393                     	;# 
   722  039A                     	;# 
   723  039C                     	;# 
   724  039D                     	;# 
   725  039E                     	;# 
   726  039F                     	;# 
   727  0415                     	;# 
   728  0416                     	;# 
   729  0417                     	;# 
   730  041C                     	;# 
   731  041D                     	;# 
   732  041E                     	;# 
   733  0FE4                     	;# 
   734  0FE5                     	;# 
   735  0FE6                     	;# 
   736  0FE7                     	;# 
   737  0FE8                     	;# 
   738  0FE9                     	;# 
   739  0FEA                     	;# 
   740  0FEB                     	;# 
   741  0FED                     	;# 
   742  0FEE                     	;# 
   743  0FEF                     	;# 
   744  001E                     _CPSCON0bits	set	30
   745  000B                     _INTCONbits	set	11
   746  009D                     _ADCON0bits	set	157
   747  0095                     _OPTION_REGbits	set	149
   748  0099                     _OSCCONbits	set	153
   749  008C                     _TRISA	set	140
   750  008E                     _TRISC	set	142
   751  011D                     _APFCON0bits	set	285
   752  0111                     _CM1CON0bits	set	273
   753  0113                     _CM2CON0bits	set	275
   754  0118                     _DACCON0bits	set	280
   755  0117                     _FVRCONbits	set	279
   756  010C                     _LATA	set	268
   757  010E                     _LATC	set	270
   758  010E                     _LATCbits	set	270
   759  011A                     _SRCON0bits	set	282
   760  018C                     _ANSELA	set	396
   761  018E                     _ANSELC	set	398
   762  0211                     _SSP1BUF	set	529
   763  0215                     _SSP1CON1bits	set	533
   764  0214                     _SSP1STATbits	set	532
   765  020C                     _WPUA	set	524
   766  020E                     _WPUC	set	526
   767  038C                     _INLVLA	set	908
   768  038E                     _INLVLC	set	910
   769  0392                     _IOCAN	set	914
   770  0391                     _IOCAP	set	913
   771  039C                     _MDCONbits	set	924
   772                           
   773                           ; #config settings
   774  0000                     
   775                           	psect	cinit
   776  0080                     start_initialization:	
   777  0080                     __initialization:	
   778                           
   779                           ; Clear objects allocated to COMMON
   780  0080  01F0               	clrf	__pbssCOMMON& (0+127)
   781  0081  01F1               	clrf	(__pbssCOMMON+1)& (0+127)
   782  0082  01F2               	clrf	(__pbssCOMMON+2)& (0+127)
   783  0083  01F3               	clrf	(__pbssCOMMON+3)& (0+127)
   784  0084  01F4               	clrf	(__pbssCOMMON+4)& (0+127)
   785  0085  01F5               	clrf	(__pbssCOMMON+5)& (0+127)
   786  0086  01F6               	clrf	(__pbssCOMMON+6)& (0+127)
   787  0087  01F7               	clrf	(__pbssCOMMON+7)& (0+127)
   788                           
   789                           ; Clear objects allocated to BANK0
   790  0088  01A0               	clrf	__pbssBANK0& (0+127)
   791  0089  01A1               	clrf	(__pbssBANK0+1)& (0+127)
   792  008A                     end_of_initialization:	
   793                           ;End of C runtime variable initialization code
   794                           
   795  008A                     __end_of__initialization:	
   796  008A  107E               	bcf	int$flags,0	;clear compiler interrupt flag (level 1)
   797  008B  0020               	movlb	0
   798  008C  3180  28CE         	ljmp	_main	;jump to C main() function
   799                           
   800                           	psect	bssCOMMON
   801  0070                     __pbssCOMMON:	
   802  0070                     _current_frame:	
   803  0070                     	ds	3
   804  0073                     _multiplexed_counter:	
   805  0073                     	ds	2
   806  0075                     _clear_buffer_flag:	
   807  0075                     	ds	1
   808  0076                     _multiplexed_segment_counter:	
   809  0076                     	ds	2
   810                           
   811                           	psect	bssBANK0
   812  0020                     __pbssBANK0:	
   813  0020                     _next_frame_counter:	
   814  0020                     	ds	2
   815                           
   816                           	psect	cstackCOMMON
   817  0078                     __pcstackCOMMON:	
   818  0078                     ?_ConfigureOscillator:	
   819  0078                     ?_InitApp:	
   820                           ; 1 bytes @ 0x0
   821                           
   822  0078                     ?_isr:	
   823                           ; 1 bytes @ 0x0
   824                           
   825  0078                     ??_isr:	
   826                           ; 1 bytes @ 0x0
   827                           
   828  0078                     ?_main:	
   829                           ; 1 bytes @ 0x0
   830                           
   831                           
   832                           ; 1 bytes @ 0x0
   833  0078                     	ds	5
   834                           
   835                           	psect	cstackBANK0
   836  0000                     __pcstackBANK0:	
   837  0000                     ??_ConfigureOscillator:	
   838  0000                     ??_InitApp:	
   839                           ; 1 bytes @ 0x0
   840                           
   841  0000                     ??_main:	
   842                           ; 1 bytes @ 0x0
   843                           
   844                           
   845                           	psect	maintext
   846  00CE                     __pmaintext:	
   847                           ; 1 bytes @ 0x0
   848 ;;
   849 ;;Main: autosize = 0, tempsize = 0, incstack = 0, save=0
   850 ;;
   851 ;; *************** function _main *****************
   852 ;; Defined at:
   853 ;;		line 32 in file "main.c"
   854 ;; Parameters:    Size  Location     Type
   855 ;;		None
   856 ;; Auto vars:     Size  Location     Type
   857 ;;		None
   858 ;; Return value:  Size  Location     Type
   859 ;;                  1    wreg      void 
   860 ;; Registers used:
   861 ;;		wreg, status,2, status,0, pclath, cstack
   862 ;; Tracked objects:
   863 ;;		On entry : B1F/0
   864 ;;		On exit  : 0/0
   865 ;;		Unchanged: 0/0
   866 ;; Data sizes:     COMMON   BANK0   BANK1   BANK2   BANK3   BANK4   BANK5   BANK6   BANK7   BANK8   BANK9  BANK10  BANK1
      +1  BANK12
   867 ;;      Params:         0       0       0       0       0       0       0       0       0       0       0       0       
      +0       0
   868 ;;      Locals:         0       0       0       0       0       0       0       0       0       0       0       0       
      +0       0
   869 ;;      Temps:          0       0       0       0       0       0       0       0       0       0       0       0       
      +0       0
   870 ;;      Totals:         0       0       0       0       0       0       0       0       0       0       0       0       
      +0       0
   871 ;;Total ram usage:        0 bytes
   872 ;; Hardware stack levels required when called:    2
   873 ;; This function calls:
   874 ;;		_ConfigureOscillator
   875 ;;		_InitApp
   876 ;; This function is called by:
   877 ;;		Startup code after reset
   878 ;; This function uses a non-reentrant model
   879 ;;
   880                           
   881                           
   882                           ;psect for function _main
   883  00CE                     _main:	
   884                           
   885                           ;main.c: 35: ConfigureOscillator();
   886                           
   887                           ;incstack = 0
   888                           ; Regs used in _main: [wreg+status,2+status,0+pclath+cstack]
   889  00CE  3180  20C6  3180   	fcall	_ConfigureOscillator
   890                           
   891                           ;main.c: 38: InitApp();
   892  00D1  3180  208E  3180   	fcall	_InitApp
   893  00D4                     l48:	
   894                           ;main.c: 57: while(1)
   895                           
   896                           
   897                           ;main.c: 58: {
   898  00D4  28D4               	goto	l48
   899  00D5                     __end_of_main:	
   900                           
   901                           	psect	text1
   902  008E                     __ptext1:	
   903 ;; *************** function _InitApp *****************
   904 ;; Defined at:
   905 ;;		line 22 in file "user.c"
   906 ;; Parameters:    Size  Location     Type
   907 ;;		None
   908 ;; Auto vars:     Size  Location     Type
   909 ;;		None
   910 ;; Return value:  Size  Location     Type
   911 ;;                  1    wreg      void 
   912 ;; Registers used:
   913 ;;		wreg, status,2, status,0
   914 ;; Tracked objects:
   915 ;;		On entry : 0/0
   916 ;;		On exit  : 0/0
   917 ;;		Unchanged: 0/0
   918 ;; Data sizes:     COMMON   BANK0   BANK1   BANK2   BANK3   BANK4   BANK5   BANK6   BANK7   BANK8   BANK9  BANK10  BANK1
      +1  BANK12
   919 ;;      Params:         0       0       0       0       0       0       0       0       0       0       0       0       
      +0       0
   920 ;;      Locals:         0       0       0       0       0       0       0       0       0       0       0       0       
      +0       0
   921 ;;      Temps:          0       0       0       0       0       0       0       0       0       0       0       0       
      +0       0
   922 ;;      Totals:         0       0       0       0       0       0       0       0       0       0       0       0       
      +0       0
   923 ;;Total ram usage:        0 bytes
   924 ;; Hardware stack levels used:    1
   925 ;; Hardware stack levels required when called:    1
   926 ;; This function calls:
   927 ;;		Nothing
   928 ;; This function is called by:
   929 ;;		_main
   930 ;; This function uses a non-reentrant model
   931 ;;
   932                           
   933                           
   934                           ;psect for function _InitApp
   935  008E                     _InitApp:	
   936                           
   937                           ;user.c: 27: WPUA = 0x00;
   938                           
   939                           ;incstack = 0
   940                           ; Regs used in _InitApp: [wreg+status,2+status,0]
   941  008E  0024               	movlb	4	; select bank4
   942  008F  018C               	clrf	12	;volatile
   943                           
   944                           ;user.c: 28: INLVLA = 0x00;
   945  0090  0027               	movlb	7	; select bank7
   946  0091  018C               	clrf	12	;volatile
   947                           
   948                           ;user.c: 29: LATA = 0x00;
   949  0092  0022               	movlb	2	; select bank2
   950  0093  018C               	clrf	12	;volatile
   951                           
   952                           ;user.c: 32: WPUC = 0x00;
   953  0094  0024               	movlb	4	; select bank4
   954  0095  018E               	clrf	14	;volatile
   955                           
   956                           ;user.c: 33: INLVLC = 0x00;
   957  0096  0027               	movlb	7	; select bank7
   958  0097  018E               	clrf	14	;volatile
   959                           
   960                           ;user.c: 34: LATC = 0x00;
   961  0098  0022               	movlb	2	; select bank2
   962  0099  018E               	clrf	14	;volatile
   963                           
   964                           ;user.c: 36: IOCAP = 0x00;
   965  009A  0027               	movlb	7	; select bank7
   966  009B  0191               	clrf	17	;volatile
   967                           
   968                           ;user.c: 37: IOCAN = 0x00;
   969  009C  0192               	clrf	18	;volatile
   970                           
   971                           ;user.c: 39: FVRCONbits.FVREN = 0b0;
   972  009D  0022               	movlb	2	; select bank2
   973  009E  1397               	bcf	23,7	;volatile
   974                           
   975                           ;user.c: 40: FVRCONbits.TSEN = 0b0;
   976  009F  1297               	bcf	23,5	;volatile
   977                           
   978                           ;user.c: 43: TRISA = 0x00;
   979  00A0  0021               	movlb	1	; select bank1
   980  00A1  018C               	clrf	12	;volatile
   981                           
   982                           ;user.c: 44: ANSELA = 0x00;
   983  00A2  0023               	movlb	3	; select bank3
   984  00A3  018C               	clrf	12	;volatile
   985                           
   986                           ;user.c: 46: TRISC = 0b001010;
   987  00A4  300A               	movlw	10
   988  00A5  0021               	movlb	1	; select bank1
   989  00A6  008E               	movwf	14	;volatile
   990                           
   991                           ;user.c: 47: ANSELC = 0x00;
   992  00A7  0023               	movlb	3	; select bank3
   993  00A8  018E               	clrf	14	;volatile
   994                           
   995                           ;user.c: 49: ADCON0bits.ADON = 0b0;
   996  00A9  0021               	movlb	1	; select bank1
   997  00AA  101D               	bcf	29,0	;volatile
   998                           
   999                           ;user.c: 50: DACCON0bits.DACEN = 0b0;
  1000  00AB  0022               	movlb	2	; select bank2
  1001  00AC  1398               	bcf	24,7	;volatile
  1002                           
  1003                           ;user.c: 51: DACCON0bits.DACOE = 0b0;
  1004  00AD  1298               	bcf	24,5	;volatile
  1005                           
  1006                           ;user.c: 53: SRCON0bits.SRLEN = 0b0;
  1007  00AE  139A               	bcf	26,7	;volatile
  1008                           
  1009                           ;user.c: 55: CM1CON0bits.C1ON = 0b0;
  1010  00AF  1391               	bcf	17,7	;volatile
  1011                           
  1012                           ;user.c: 56: CM2CON0bits.C2ON = 0b0;
  1013  00B0  1393               	bcf	19,7	;volatile
  1014                           
  1015                           ;user.c: 58: MDCONbits.MDEN = 0b0;
  1016  00B1  0027               	movlb	7	; select bank7
  1017  00B2  139C               	bcf	28,7	;volatile
  1018                           
  1019                           ;user.c: 59: CPSCON0bits.CPSON = 0b0;
  1020  00B3  0020               	movlb	0	; select bank0
  1021  00B4  139E               	bcf	30,7	;volatile
  1022                           
  1023                           ;user.c: 62: APFCON0bits.SDOSEL = 0b0;
  1024  00B5  0022               	movlb	2	; select bank2
  1025  00B6  131D               	bcf	29,6	;volatile
  1026                           
  1027                           ;user.c: 63: APFCON0bits.SSSEL = 0b0;
  1028  00B7  129D               	bcf	29,5	;volatile
  1029                           
  1030                           ;user.c: 68: OPTION_REGbits.nWPUEN = 0b1;
  1031  00B8  0021               	movlb	1	; select bank1
  1032  00B9  1795               	bsf	21,7	;volatile
  1033                           
  1034                           ;user.c: 69: OPTION_REGbits.TMR0CS = 0b0;
  1035  00BA  1295               	bcf	21,5	;volatile
  1036                           
  1037                           ;user.c: 70: OPTION_REGbits.PSA = 0b1;
  1038  00BB  1595               	bsf	21,3	;volatile
  1039                           
  1040                           ;user.c: 73: SSP1STATbits.CKE = 0b1;
  1041  00BC  0024               	movlb	4	; select bank4
  1042  00BD  1714               	bsf	20,6	;volatile
  1043                           
  1044                           ;user.c: 75: SSP1CON1bits.SSPEN = 0b1;
  1045  00BE  1695               	bsf	21,5	;volatile
  1046                           
  1047                           ;user.c: 76: SSP1CON1bits.CKP = 0b0;
  1048  00BF  1215               	bcf	21,4	;volatile
  1049                           
  1050                           ;user.c: 77: SSP1CON1bits.SSPM = 0b0000;
  1051  00C0  30F0               	movlw	-16
  1052  00C1  0595               	andwf	21,f	;volatile
  1053                           
  1054                           ;user.c: 82: INTCONbits.GIE = 0b1;
  1055  00C2  178B               	bsf	11,7	;volatile
  1056                           
  1057                           ;user.c: 83: INTCONbits.TMR0IE = 0b1;
  1058  00C3  168B               	bsf	11,5	;volatile
  1059                           
  1060                           ;user.c: 84: INTCONbits.PEIE = 0b1;
  1061  00C4  170B               	bsf	11,6	;volatile
  1062  00C5  0008               	return
  1063  00C6                     __end_of_InitApp:	
  1064                           
  1065                           	psect	text2
  1066  00C6                     __ptext2:	
  1067 ;; *************** function _ConfigureOscillator *****************
  1068 ;; Defined at:
  1069 ;;		line 18 in file "system.c"
  1070 ;; Parameters:    Size  Location     Type
  1071 ;;		None
  1072 ;; Auto vars:     Size  Location     Type
  1073 ;;		None
  1074 ;; Return value:  Size  Location     Type
  1075 ;;                  1    wreg      void 
  1076 ;; Registers used:
  1077 ;;		wreg, status,2, status,0
  1078 ;; Tracked objects:
  1079 ;;		On entry : 0/0
  1080 ;;		On exit  : 0/0
  1081 ;;		Unchanged: 0/0
  1082 ;; Data sizes:     COMMON   BANK0   BANK1   BANK2   BANK3   BANK4   BANK5   BANK6   BANK7   BANK8   BANK9  BANK10  BANK1
      +1  BANK12
  1083 ;;      Params:         0       0       0       0       0       0       0       0       0       0       0       0       
      +0       0
  1084 ;;      Locals:         0       0       0       0       0       0       0       0       0       0       0       0       
      +0       0
  1085 ;;      Temps:          0       0       0       0       0       0       0       0       0       0       0       0       
      +0       0
  1086 ;;      Totals:         0       0       0       0       0       0       0       0       0       0       0       0       
      +0       0
  1087 ;;Total ram usage:        0 bytes
  1088 ;; Hardware stack levels used:    1
  1089 ;; Hardware stack levels required when called:    1
  1090 ;; This function calls:
  1091 ;;		Nothing
  1092 ;; This function is called by:
  1093 ;;		_main
  1094 ;; This function uses a non-reentrant model
  1095 ;;
  1096                           
  1097                           
  1098                           ;psect for function _ConfigureOscillator
  1099  00C6                     _ConfigureOscillator:	
  1100                           
  1101                           ;system.c: 28: OSCCONbits.IRCF = 0b1110;
  1102                           
  1103                           ;incstack = 0
  1104                           ; Regs used in _ConfigureOscillator: [wreg+status,2+status,0]
  1105  00C6  0021               	movlb	1	; select bank1
  1106  00C7  0819               	movf	25,w	;volatile
  1107  00C8  3987               	andlw	-121
  1108  00C9  3870               	iorlw	112
  1109  00CA  0099               	movwf	25	;volatile
  1110                           
  1111                           ;system.c: 29: OSCCONbits.SCS = 0b00;
  1112  00CB  30FC               	movlw	-4
  1113  00CC  0599               	andwf	25,f	;volatile
  1114  00CD  0008               	return
  1115  00CE                     __end_of_ConfigureOscillator:	
  1116                           
  1117                           	psect	intentry
  1118  0004                     __pintentry:	
  1119 ;; *************** function _isr *****************
  1120 ;; Defined at:
  1121 ;;		line 31 in file "interrupts.c"
  1122 ;; Parameters:    Size  Location     Type
  1123 ;;		None
  1124 ;; Auto vars:     Size  Location     Type
  1125 ;;		None
  1126 ;; Return value:  Size  Location     Type
  1127 ;;                  1    wreg      void 
  1128 ;; Registers used:
  1129 ;;		wreg, status,2, status,0
  1130 ;; Tracked objects:
  1131 ;;		On entry : 0/0
  1132 ;;		On exit  : 0/0
  1133 ;;		Unchanged: 0/0
  1134 ;; Data sizes:     COMMON   BANK0   BANK1   BANK2   BANK3   BANK4   BANK5   BANK6   BANK7   BANK8   BANK9  BANK10  BANK1
      +1  BANK12
  1135 ;;      Params:         0       0       0       0       0       0       0       0       0       0       0       0       
      +0       0
  1136 ;;      Locals:         0       0       0       0       0       0       0       0       0       0       0       0       
      +0       0
  1137 ;;      Temps:          5       0       0       0       0       0       0       0       0       0       0       0       
      +0       0
  1138 ;;      Totals:         5       0       0       0       0       0       0       0       0       0       0       0       
      +0       0
  1139 ;;Total ram usage:        5 bytes
  1140 ;; Hardware stack levels used:    1
  1141 ;; This function calls:
  1142 ;;		Nothing
  1143 ;; This function is called by:
  1144 ;;		Interrupt level 1
  1145 ;; This function uses a non-reentrant model
  1146 ;;
  1147                           
  1148  0004                     _isr:	
  1149                           
  1150                           ;incstack = 0
  1151  0004  147E               	bsf	126,0	;set compiler interrupt flag (level 1)
  1152                           
  1153                           ; Regs used in _isr: [wreg+status,2+status,0]
  1154  0005  3180               	pagesel	$
  1155  0006  0020               	movlb	0	; select bank0
  1156  0007  087F               	movf	127,w
  1157  0008  00FC               	movwf	??_isr+4
  1158                           
  1159                           ;interrupts.c: 38: if(INTCONbits.TMR0IE == 1 && INTCONbits.TMR0IF == 1)
  1160  0009  1A8B               	btfsc	11,5	;volatile
  1161  000A  1D0B               	btfss	11,2	;volatile
  1162  000B  287A               	goto	i1l31
  1163                           
  1164                           ;interrupts.c: 39: {
  1165                           ;interrupts.c: 40: multiplexed_counter++;
  1166  000C  3001               	movlw	1
  1167  000D  07F3               	addwf	_multiplexed_counter,f
  1168  000E  3000               	movlw	0
  1169  000F  3DF4               	addwfc	_multiplexed_counter+1,f
  1170                           
  1171                           ;interrupts.c: 43: if(multiplexed_counter >= 10)
  1172  0010  3000               	movlw	0
  1173  0011  0274               	subwf	_multiplexed_counter+1,w
  1174  0012  300A               	movlw	10
  1175  0013  1903               	skipnz
  1176  0014  0273               	subwf	_multiplexed_counter,w
  1177  0015  1C03               	skipc
  1178  0016  2879               	goto	i1l681
  1179                           
  1180                           ;interrupts.c: 44: {
  1181                           ;interrupts.c: 46: multiplexed_counter = 0;
  1182  0017  01F3               	clrf	_multiplexed_counter
  1183  0018  01F4               	clrf	_multiplexed_counter+1
  1184                           
  1185                           ;interrupts.c: 50: SSP1BUF = 1 << multiplexed_segment_counter;
  1186  0019  3001               	movlw	1
  1187  001A  00F8               	movwf	??_isr
  1188  001B  0A76               	incf	_multiplexed_segment_counter,w
  1189  001C  281E               	goto	u15_24
  1190  001D                     u15_25:	
  1191  001D  35F8               	lslf	??_isr,f
  1192  001E                     u15_24:	
  1193  001E  0B89               	decfsz	9,f
  1194  001F  281D               	goto	u15_25
  1195  0020  0878               	movf	??_isr,w
  1196  0021  0024               	movlb	4	; select bank4
  1197  0022  0091               	movwf	17	;volatile
  1198  0023                     i1l23:	
  1199                           ;interrupts.c: 51: while(SSP1STATbits.BF == 0);
  1200                           
  1201  0023  1C14               	btfss	20,0	;volatile
  1202  0024  2823               	goto	i1l23
  1203                           
  1204                           ;interrupts.c: 52: clear_buffer_flag = SSP1BUF;
  1205  0025  0811               	movf	17,w	;volatile
  1206  0026  00F8               	movwf	??_isr
  1207  0027  0878               	movf	??_isr,w
  1208  0028  00F5               	movwf	_clear_buffer_flag
  1209                           
  1210                           ;interrupts.c: 53: SSP1BUF = ~(current_frame >> (multiplexed_segment_counter * 8));
  1211  0029  0870               	movf	_current_frame,w
  1212  002A  00F8               	movwf	??_isr
  1213  002B  0871               	movf	_current_frame+1,w
  1214  002C  00F9               	movwf	??_isr+1
  1215  002D  0872               	movf	_current_frame+2,w
  1216  002E  00FA               	movwf	??_isr+2
  1217  002F  0876               	movf	_multiplexed_segment_counter,w
  1218  0030  00FB               	movwf	??_isr+3
  1219  0031  3002               	movlw	2
  1220  0032                     u17_25:	
  1221  0032  35FB               	lslf	??_isr+3,f
  1222  0033  3EFF               	addlw	-1
  1223  0034  1D03               	skipz
  1224  0035  2832               	goto	u17_25
  1225  0036  357B               	lslf	??_isr+3,w
  1226  0037  0A89               	incf	9,f
  1227  0038  283C               	goto	u18_20
  1228  0039                     u18_25:	
  1229  0039  36FA               	lsrf	??_isr+2,f
  1230  003A  0CF9               	rrf	??_isr+1,f
  1231  003B  0CF8               	rrf	??_isr,f
  1232  003C                     u18_20:	
  1233  003C  0B89               	decfsz	9,f
  1234  003D  2839               	goto	u18_25
  1235  003E  0978               	comf	??_isr,w
  1236  003F  0091               	movwf	17	;volatile
  1237  0040                     i1l26:	
  1238                           ;interrupts.c: 54: while(SSP1STATbits.BF == 0);
  1239                           
  1240  0040  1C14               	btfss	20,0	;volatile
  1241  0041  2840               	goto	i1l26
  1242                           
  1243                           ;interrupts.c: 55: clear_buffer_flag = SSP1BUF;
  1244  0042  0811               	movf	17,w	;volatile
  1245  0043  00F8               	movwf	??_isr
  1246  0044  0878               	movf	??_isr,w
  1247  0045  00F5               	movwf	_clear_buffer_flag
  1248                           
  1249                           ;interrupts.c: 56: LATCbits.LATC5 = 1;
  1250  0046  0022               	movlb	2	; select bank2
  1251  0047  168E               	bsf	14,5	;volatile
  1252                           
  1253                           ;interrupts.c: 57: LATCbits.LATC5 = 0;
  1254  0048  128E               	bcf	14,5	;volatile
  1255                           
  1256                           ;interrupts.c: 59: next_frame_counter++;
  1257  0049  3001               	movlw	1
  1258  004A  0020               	movlb	0	; select bank0
  1259  004B  07A0               	addwf	_next_frame_counter,f
  1260  004C  3000               	movlw	0
  1261  004D  3DA1               	addwfc	_next_frame_counter+1,f
  1262                           
  1263                           ;interrupts.c: 60: multiplexed_segment_counter++;
  1264  004E  3001               	movlw	1
  1265  004F  07F6               	addwf	_multiplexed_segment_counter,f
  1266  0050  3000               	movlw	0
  1267  0051  3DF7               	addwfc	_multiplexed_segment_counter+1,f
  1268                           
  1269                           ;interrupts.c: 62: if(multiplexed_segment_counter > 2)
  1270  0052  3000               	movlw	0
  1271  0053  0277               	subwf	_multiplexed_segment_counter+1,w
  1272  0054  3003               	movlw	3
  1273  0055  1903               	skipnz
  1274  0056  0276               	subwf	_multiplexed_segment_counter,w
  1275  0057  1C03               	skipc
  1276  0058  285B               	goto	i1l675
  1277                           
  1278                           ;interrupts.c: 63: {
  1279                           ;interrupts.c: 64: multiplexed_segment_counter = 0;
  1280  0059  01F6               	clrf	_multiplexed_segment_counter
  1281  005A  01F7               	clrf	_multiplexed_segment_counter+1
  1282  005B                     i1l675:	
  1283                           
  1284                           ;interrupts.c: 65: }
  1285                           ;interrupts.c: 68: if(next_frame_counter >= 1600)
  1286  005B  3006               	movlw	6
  1287  005C  0221               	subwf	_next_frame_counter+1,w
  1288  005D  3040               	movlw	64
  1289  005E  1903               	skipnz
  1290  005F  0220               	subwf	_next_frame_counter,w
  1291  0060  1C03               	skipc
  1292  0061  2879               	goto	i1l681
  1293                           
  1294                           ;interrupts.c: 69: {
  1295                           ;interrupts.c: 71: next_frame_counter = 0;
  1296  0062  01A0               	clrf	_next_frame_counter
  1297  0063  01A1               	clrf	_next_frame_counter+1
  1298                           
  1299                           ;interrupts.c: 73: current_frame = (current_frame << 1) + 1;
  1300  0064  0870               	movf	_current_frame,w
  1301  0065  00F8               	movwf	??_isr
  1302  0066  0871               	movf	_current_frame+1,w
  1303  0067  00F9               	movwf	??_isr+1
  1304  0068  0872               	movf	_current_frame+2,w
  1305  0069  00FA               	movwf	??_isr+2
  1306  006A  3001               	movlw	1
  1307  006B                     u22_25:	
  1308  006B  35F8               	lslf	??_isr,f
  1309  006C  0DF9               	rlf	??_isr+1,f
  1310  006D  0DFA               	rlf	??_isr+2,f
  1311  006E  0B89               	decfsz	9,f
  1312  006F  286B               	goto	u22_25
  1313  0070  3001               	movlw	1
  1314  0071  0778               	addwf	??_isr,w
  1315  0072  00F0               	movwf	_current_frame
  1316  0073  3000               	movlw	0
  1317  0074  3D79               	addwfc	??_isr+1,w
  1318  0075  00F1               	movwf	_current_frame+1
  1319  0076  3000               	movlw	0
  1320  0077  3D7A               	addwfc	??_isr+2,w
  1321  0078  00F2               	movwf	_current_frame+2
  1322  0079                     i1l681:	
  1323                           
  1324                           ;interrupts.c: 74: }
  1325                           ;interrupts.c: 77: }
  1326                           ;interrupts.c: 79: INTCONbits.TMR0IF = 0;
  1327  0079  110B               	bcf	11,2	;volatile
  1328  007A                     i1l31:	
  1329  007A  087C               	movf	??_isr+4,w
  1330  007B  00FF               	movwf	127
  1331  007C  107E               	bcf	126,0	;clear compiler interrupt flag (level 1)
  1332  007D  0009               	retfie
  1333  007E                     __end_of_isr:	
  1334  007E                     btemp	set	126	;btemp
  1335  007E                     int$flags	set	126
  1336  007E                     wtemp	set	126
  1337  007E                     wtemp0	set	126
  1338  0080                     wtemp1	set	128
  1339  0082                     wtemp2	set	130
  1340  0084                     wtemp3	set	132
  1341  0086                     wtemp4	set	134
  1342  0088                     wtemp5	set	136
  1343  007F                     wtemp6	set	127
  1344  007E                     ttemp	set	126
  1345  007E                     ttemp0	set	126
  1346  0081                     ttemp1	set	129
  1347  0084                     ttemp2	set	132
  1348  0087                     ttemp3	set	135
  1349  007F                     ttemp4	set	127
  1350  007E                     ltemp	set	126
  1351  007E                     ltemp0	set	126
  1352  0082                     ltemp1	set	130
  1353  0086                     ltemp2	set	134
  1354  0080                     ltemp3	set	128


Data Sizes:
    Strings     0
    Constant    0
    Data        0
    BSS         10
    Persistent  0
    Stack       0

Auto Spaces:
    Space          Size  Autos    Used
    COMMON           14      5      13
    BANK0            80      0       2
    BANK1            80      0       0
    BANK2            80      0       0
    BANK3            80      0       0
    BANK4            80      0       0
    BANK5            80      0       0
    BANK6            80      0       0
    BANK7            80      0       0
    BANK8            80      0       0
    BANK9            80      0       0
    BANK10           80      0       0
    BANK11           80      0       0
    BANK12           48      0       0

Pointer List with Targets:

    None.

Critical Paths under _main in COMMON

    None.

Critical Paths under _isr in COMMON

    None.

Critical Paths under _main in BANK0

    None.

Critical Paths under _isr in BANK0

    None.

Critical Paths under _main in BANK1

    None.

Critical Paths under _isr in BANK1

    None.

Critical Paths under _main in BANK2

    None.

Critical Paths under _isr in BANK2

    None.

Critical Paths under _main in BANK3

    None.

Critical Paths under _isr in BANK3

    None.

Critical Paths under _main in BANK4

    None.

Critical Paths under _isr in BANK4

    None.

Critical Paths under _main in BANK5

    None.

Critical Paths under _isr in BANK5

    None.

Critical Paths under _main in BANK6

    None.

Critical Paths under _isr in BANK6

    None.

Critical Paths under _main in BANK7

    None.

Critical Paths under _isr in BANK7

    None.

Critical Paths under _main in BANK8

    None.

Critical Paths under _isr in BANK8

    None.

Critical Paths under _main in BANK9

    None.

Critical Paths under _isr in BANK9

    None.

Critical Paths under _main in BANK10

    None.

Critical Paths under _isr in BANK10

    None.

Critical Paths under _main in BANK11

    None.

Critical Paths under _isr in BANK11

    None.

Critical Paths under _main in BANK12

    None.

Critical Paths under _isr in BANK12

    None.

Call Graph Tables:

 ---------------------------------------------------------------------------------
 (Depth) Function   	        Calls       Base Space   Used Autos Params    Refs
 ---------------------------------------------------------------------------------
 (0) _main                                                 0     0      0       0
                _ConfigureOscillator
                            _InitApp
 ---------------------------------------------------------------------------------
 (1) _InitApp                                              0     0      0       0
 ---------------------------------------------------------------------------------
 (1) _ConfigureOscillator                                  0     0      0       0
 ---------------------------------------------------------------------------------
 Estimated maximum stack depth 1
 ---------------------------------------------------------------------------------
 (Depth) Function   	        Calls       Base Space   Used Autos Params    Refs
 ---------------------------------------------------------------------------------
 (2) _isr                                                  5     5      0       0
                                              0 COMMON     5     5      0
 ---------------------------------------------------------------------------------
 Estimated maximum stack depth 2
 ---------------------------------------------------------------------------------

 Call Graph Graphs:

 _main (ROOT)
   _ConfigureOscillator
   _InitApp

 _isr (ROOT)

 Address spaces:
Name               Size   Autos  Total    Cost      Usage
BIGRAM             3F0      0       0       0        0.0%
EEDATA             100      0       0       0        0.0%
NULL                 0      0       0       0        0.0%
CODE                 0      0       0       0        0.0%
BITCOMMON            E      0       0       1        0.0%
BITSFR0              0      0       0       1        0.0%
SFR0                 0      0       0       1        0.0%
COMMON               E      5       D       2       92.9%
BITSFR1              0      0       0       2        0.0%
SFR1                 0      0       0       2        0.0%
BITSFR2              0      0       0       3        0.0%
SFR2                 0      0       0       3        0.0%
STACK                0      0       0       3        0.0%
BITBANK0            50      0       0       4        0.0%
BITSFR3              0      0       0       4        0.0%
SFR3                 0      0       0       4        0.0%
BANK0               50      0       2       5        2.5%
BITSFR4              0      0       0       5        0.0%
SFR4                 0      0       0       5        0.0%
BITBANK1            50      0       0       6        0.0%
BITSFR5              0      0       0       6        0.0%
SFR5                 0      0       0       6        0.0%
BANK1               50      0       0       7        0.0%
BITSFR6              0      0       0       7        0.0%
SFR6                 0      0       0       7        0.0%
BITBANK2            50      0       0       8        0.0%
BITSFR7              0      0       0       8        0.0%
SFR7                 0      0       0       8        0.0%
BANK2               50      0       0       9        0.0%
BITSFR8              0      0       0       9        0.0%
SFR8                 0      0       0       9        0.0%
BITBANK3            50      0       0      10        0.0%
BITSFR9              0      0       0      10        0.0%
SFR9                 0      0       0      10        0.0%
BANK3               50      0       0      11        0.0%
BITSFR10             0      0       0      11        0.0%
SFR10                0      0       0      11        0.0%
BITBANK4            50      0       0      12        0.0%
BITSFR11             0      0       0      12        0.0%
SFR11                0      0       0      12        0.0%
BANK4               50      0       0      13        0.0%
BITSFR12             0      0       0      13        0.0%
SFR12                0      0       0      13        0.0%
BITBANK5            50      0       0      14        0.0%
BITSFR13             0      0       0      14        0.0%
SFR13                0      0       0      14        0.0%
BANK5               50      0       0      15        0.0%
BITSFR14             0      0       0      15        0.0%
SFR14                0      0       0      15        0.0%
BITBANK6            50      0       0      16        0.0%
BITSFR15             0      0       0      16        0.0%
SFR15                0      0       0      16        0.0%
BANK6               50      0       0      17        0.0%
BITSFR16             0      0       0      17        0.0%
SFR16                0      0       0      17        0.0%
BITBANK7            50      0       0      18        0.0%
BITSFR17             0      0       0      18        0.0%
SFR17                0      0       0      18        0.0%
BANK7               50      0       0      19        0.0%
BITSFR18             0      0       0      19        0.0%
SFR18                0      0       0      19        0.0%
BITSFR19             0      0       0      20        0.0%
SFR19                0      0       0      20        0.0%
ABS                  0      0       F      20        0.0%
BITBANK8            50      0       0      21        0.0%
BITSFR20             0      0       0      21        0.0%
SFR20                0      0       0      21        0.0%
BANK8               50      0       0      22        0.0%
BITSFR21             0      0       0      22        0.0%
SFR21                0      0       0      22        0.0%
BITBANK9            50      0       0      23        0.0%
BITSFR22             0      0       0      23        0.0%
SFR22                0      0       0      23        0.0%
BANK9               50      0       0      24        0.0%
BITSFR23             0      0       0      24        0.0%
SFR23                0      0       0      24        0.0%
BITBANK10           50      0       0      25        0.0%
BITSFR24             0      0       0      25        0.0%
SFR24                0      0       0      25        0.0%
BANK10              50      0       0      26        0.0%
BITSFR25             0      0       0      26        0.0%
SFR25                0      0       0      26        0.0%
BITBANK11           50      0       0      27        0.0%
BITSFR26             0      0       0      27        0.0%
SFR26                0      0       0      27        0.0%
BANK11              50      0       0      28        0.0%
BITSFR27             0      0       0      28        0.0%
SFR27                0      0       0      28        0.0%
BITBANK12           30      0       0      29        0.0%
BITSFR28             0      0       0      29        0.0%
SFR28                0      0       0      29        0.0%
BANK12              30      0       0      30        0.0%
BITSFR29             0      0       0      30        0.0%
SFR29                0      0       0      30        0.0%
BITSFR30             0      0       0      31        0.0%
SFR30                0      0       0      31        0.0%
DATA                 0      0       F      31        0.0%
BITSFR31             0      0       0      32        0.0%
SFR31                0      0       0      32        0.0%


Microchip Technology PIC Macro Assembler V1.38 build -256452561 
Symbol Table                                                                                   Wed Dec 14 10:13:50 2016

                 __CFG_CP$OFF 0000                            l48 00D4                  __CFG_CPD$OFF 0000  
                         _isr 0004                  __CFG_BORV$LO 0000                           wreg 0009  
                __CFG_IESO$ON 0000                  __CFG_LVP$OFF 0000                          ?_isr 0078  
                        _LATA 010C                          _LATC 010E                          i1l23 0023  
                        i1l31 007A                          i1l26 0040                          _WPUA 020C  
                        _WPUC 020E                 __CFG_FCMEN$ON 0000                          _main 00CE  
                        btemp 007E                 __CFG_BOREN$ON 0000                          ltemp 007E  
                        start 007E                          ttemp 007E                          wtemp 007E  
               __CFG_MCLRE$ON 0000               __end_of_InitApp 00C6                         ??_isr 0078  
               __CFG_PLLEN$ON 0000                         ?_main 0078                 __CFG_WDTE$OFF 0000  
                       _IOCAN 0392                         _IOCAP 0391                         i1l681 0079  
                       i1l675 005B                         u22_25 006B                         u15_24 001E  
                       u15_25 001D                         u17_25 0032                         u18_20 003C  
                       u18_25 0039                         _TRISA 008C                         _TRISC 008E  
         _ConfigureOscillator 00C6                 __CFG_WRT$BOOT 0000                         ltemp0 007E  
                       ltemp1 0082                         ltemp2 0086                         ltemp3 0080  
                       ttemp0 007E                         ttemp1 0081                         ttemp2 0084  
                       ttemp3 0087                         ttemp4 007F                         wtemp0 007E  
                       wtemp1 0080                         wtemp2 0082                         wtemp3 0084  
                       wtemp4 0086                         wtemp5 0088                         wtemp6 007F  
         _multiplexed_counter 0073          ?_ConfigureOscillator 0078               __initialization 0080  
                __end_of_main 00D5                        ??_main 0000                        _ANSELA 018C  
                      _ANSELC 018E                        _INLVLA 038C                        _INLVLC 038E  
                   ??_InitApp 0000         ??_ConfigureOscillator 0000                __CFG_PWRTE$OFF 0000  
              __CFG_STVREN$ON 0000       __end_of__initialization 008A                __pcstackCOMMON 0078  
              _OPTION_REGbits 0095                    __pbssBANK0 0020                 _current_frame 0070  
                  __pmaintext 00CE                    __pintentry 0004                       _SSP1BUF 0211  
                     _InitApp 008E                       __ptext1 008E                       __ptext2 00C6  
                __size_of_isr 007A                     _MDCONbits 039C          end_of_initialization 008A  
            __CFG_FOSC$INTOSC 0000                   _DACCON0bits 0118   __end_of_ConfigureOscillator 00CE  
                 _CM1CON0bits 0111                   _CM2CON0bits 0113             _clear_buffer_flag 0075  
         start_initialization 0080                   __end_of_isr 007E   _multiplexed_segment_counter 0076  
                 _APFCON0bits 011D                   __pbssCOMMON 0070                     ___latbits 0002  
               __pcstackBANK0 0000                      ?_InitApp 0078                   _CPSCON0bits 001E  
                    _LATCbits 010E                    _ADCON0bits 009D              __size_of_InitApp 0038  
                _SSP1CON1bits 0215                 __size_of_main 0007  __size_of_ConfigureOscillator 0008  
                    int$flags 007E                  _SSP1STATbits 0214                    _INTCONbits 000B  
                  _FVRCONbits 0117            _next_frame_counter 0020                      intlevel1 0000  
           __CFG_CLKOUTEN$OFF 0000                    _OSCCONbits 0099                    _SRCON0bits 011A  
