

Microchip Technology PIC LITE Macro Assembler V1.38 build -256452561 
                                                                                               Wed Dec 14 10:02:42 2016

Microchip Technology Omniscient Code Generator v1.38 (Free mode) build 201607010351
     1                           	processor	16F1825
     2                           	opt	pw 120
     3                           	opt	lm
     4                           	psect	cinit,global,class=CODE,merge=1,delta=2
     5                           	psect	bssCOMMON,global,class=COMMON,space=1,delta=1
     6                           	psect	cstackCOMMON,global,class=COMMON,space=1,delta=1
     7                           	psect	maintext,global,class=CODE,merge=1,split=1,delta=2
     8                           	psect	text1,local,class=CODE,merge=1,delta=2
     9                           	psect	text2,local,class=CODE,merge=1,delta=2
    10                           	psect	intentry,global,class=CODE,delta=2
    11                           	dabs	1,0x7E,2
    12  0000                     	;# 
    13  0001                     	;# 
    14  0002                     	;# 
    15  0003                     	;# 
    16  0004                     	;# 
    17  0005                     	;# 
    18  0006                     	;# 
    19  0007                     	;# 
    20  0008                     	;# 
    21  0009                     	;# 
    22  000A                     	;# 
    23  000B                     	;# 
    24  000C                     	;# 
    25  000E                     	;# 
    26  0011                     	;# 
    27  0012                     	;# 
    28  0013                     	;# 
    29  0015                     	;# 
    30  0016                     	;# 
    31  0016                     	;# 
    32  0017                     	;# 
    33  0018                     	;# 
    34  0019                     	;# 
    35  001A                     	;# 
    36  001B                     	;# 
    37  001C                     	;# 
    38  001E                     	;# 
    39  001F                     	;# 
    40  008C                     	;# 
    41  008E                     	;# 
    42  0091                     	;# 
    43  0092                     	;# 
    44  0093                     	;# 
    45  0095                     	;# 
    46  0096                     	;# 
    47  0097                     	;# 
    48  0098                     	;# 
    49  0099                     	;# 
    50  009A                     	;# 
    51  009B                     	;# 
    52  009B                     	;# 
    53  009C                     	;# 
    54  009D                     	;# 
    55  009E                     	;# 
    56  010C                     	;# 
    57  010E                     	;# 
    58  0111                     	;# 
    59  0112                     	;# 
    60  0113                     	;# 
    61  0114                     	;# 
    62  0115                     	;# 
    63  0116                     	;# 
    64  0117                     	;# 
    65  0118                     	;# 
    66  0119                     	;# 
    67  011A                     	;# 
    68  011B                     	;# 
    69  011D                     	;# 
    70  011E                     	;# 
    71  018C                     	;# 
    72  018E                     	;# 
    73  0191                     	;# 
    74  0191                     	;# 
    75  0192                     	;# 
    76  0193                     	;# 
    77  0193                     	;# 
    78  0193                     	;# 
    79  0194                     	;# 
    80  0195                     	;# 
    81  0196                     	;# 
    82  0199                     	;# 
    83  019A                     	;# 
    84  019B                     	;# 
    85  019B                     	;# 
    86  019C                     	;# 
    87  019D                     	;# 
    88  019E                     	;# 
    89  019F                     	;# 
    90  020C                     	;# 
    91  020E                     	;# 
    92  0211                     	;# 
    93  0211                     	;# 
    94  0212                     	;# 
    95  0212                     	;# 
    96  0213                     	;# 
    97  0213                     	;# 
    98  0214                     	;# 
    99  0214                     	;# 
   100  0215                     	;# 
   101  0215                     	;# 
   102  0215                     	;# 
   103  0216                     	;# 
   104  0216                     	;# 
   105  0217                     	;# 
   106  0217                     	;# 
   107  0291                     	;# 
   108  0291                     	;# 
   109  0292                     	;# 
   110  0293                     	;# 
   111  0294                     	;# 
   112  0295                     	;# 
   113  0295                     	;# 
   114  0296                     	;# 
   115  0298                     	;# 
   116  0298                     	;# 
   117  0299                     	;# 
   118  029A                     	;# 
   119  029B                     	;# 
   120  029C                     	;# 
   121  029D                     	;# 
   122  029E                     	;# 
   123  0311                     	;# 
   124  0311                     	;# 
   125  0312                     	;# 
   126  0313                     	;# 
   127  0318                     	;# 
   128  0318                     	;# 
   129  0319                     	;# 
   130  031A                     	;# 
   131  038C                     	;# 
   132  038E                     	;# 
   133  0391                     	;# 
   134  0392                     	;# 
   135  0393                     	;# 
   136  039A                     	;# 
   137  039C                     	;# 
   138  039D                     	;# 
   139  039E                     	;# 
   140  039F                     	;# 
   141  0415                     	;# 
   142  0416                     	;# 
   143  0417                     	;# 
   144  041C                     	;# 
   145  041D                     	;# 
   146  041E                     	;# 
   147  0FE4                     	;# 
   148  0FE5                     	;# 
   149  0FE6                     	;# 
   150  0FE7                     	;# 
   151  0FE8                     	;# 
   152  0FE9                     	;# 
   153  0FEA                     	;# 
   154  0FEB                     	;# 
   155  0FED                     	;# 
   156  0FEE                     	;# 
   157  0FEF                     	;# 
   158  0000                     	;# 
   159  0001                     	;# 
   160  0002                     	;# 
   161  0003                     	;# 
   162  0004                     	;# 
   163  0005                     	;# 
   164  0006                     	;# 
   165  0007                     	;# 
   166  0008                     	;# 
   167  0009                     	;# 
   168  000A                     	;# 
   169  000B                     	;# 
   170  000C                     	;# 
   171  000E                     	;# 
   172  0011                     	;# 
   173  0012                     	;# 
   174  0013                     	;# 
   175  0015                     	;# 
   176  0016                     	;# 
   177  0016                     	;# 
   178  0017                     	;# 
   179  0018                     	;# 
   180  0019                     	;# 
   181  001A                     	;# 
   182  001B                     	;# 
   183  001C                     	;# 
   184  001E                     	;# 
   185  001F                     	;# 
   186  008C                     	;# 
   187  008E                     	;# 
   188  0091                     	;# 
   189  0092                     	;# 
   190  0093                     	;# 
   191  0095                     	;# 
   192  0096                     	;# 
   193  0097                     	;# 
   194  0098                     	;# 
   195  0099                     	;# 
   196  009A                     	;# 
   197  009B                     	;# 
   198  009B                     	;# 
   199  009C                     	;# 
   200  009D                     	;# 
   201  009E                     	;# 
   202  010C                     	;# 
   203  010E                     	;# 
   204  0111                     	;# 
   205  0112                     	;# 
   206  0113                     	;# 
   207  0114                     	;# 
   208  0115                     	;# 
   209  0116                     	;# 
   210  0117                     	;# 
   211  0118                     	;# 
   212  0119                     	;# 
   213  011A                     	;# 
   214  011B                     	;# 
   215  011D                     	;# 
   216  011E                     	;# 
   217  018C                     	;# 
   218  018E                     	;# 
   219  0191                     	;# 
   220  0191                     	;# 
   221  0192                     	;# 
   222  0193                     	;# 
   223  0193                     	;# 
   224  0193                     	;# 
   225  0194                     	;# 
   226  0195                     	;# 
   227  0196                     	;# 
   228  0199                     	;# 
   229  019A                     	;# 
   230  019B                     	;# 
   231  019B                     	;# 
   232  019C                     	;# 
   233  019D                     	;# 
   234  019E                     	;# 
   235  019F                     	;# 
   236  020C                     	;# 
   237  020E                     	;# 
   238  0211                     	;# 
   239  0211                     	;# 
   240  0212                     	;# 
   241  0212                     	;# 
   242  0213                     	;# 
   243  0213                     	;# 
   244  0214                     	;# 
   245  0214                     	;# 
   246  0215                     	;# 
   247  0215                     	;# 
   248  0215                     	;# 
   249  0216                     	;# 
   250  0216                     	;# 
   251  0217                     	;# 
   252  0217                     	;# 
   253  0291                     	;# 
   254  0291                     	;# 
   255  0292                     	;# 
   256  0293                     	;# 
   257  0294                     	;# 
   258  0295                     	;# 
   259  0295                     	;# 
   260  0296                     	;# 
   261  0298                     	;# 
   262  0298                     	;# 
   263  0299                     	;# 
   264  029A                     	;# 
   265  029B                     	;# 
   266  029C                     	;# 
   267  029D                     	;# 
   268  029E                     	;# 
   269  0311                     	;# 
   270  0311                     	;# 
   271  0312                     	;# 
   272  0313                     	;# 
   273  0318                     	;# 
   274  0318                     	;# 
   275  0319                     	;# 
   276  031A                     	;# 
   277  038C                     	;# 
   278  038E                     	;# 
   279  0391                     	;# 
   280  0392                     	;# 
   281  0393                     	;# 
   282  039A                     	;# 
   283  039C                     	;# 
   284  039D                     	;# 
   285  039E                     	;# 
   286  039F                     	;# 
   287  0415                     	;# 
   288  0416                     	;# 
   289  0417                     	;# 
   290  041C                     	;# 
   291  041D                     	;# 
   292  041E                     	;# 
   293  0FE4                     	;# 
   294  0FE5                     	;# 
   295  0FE6                     	;# 
   296  0FE7                     	;# 
   297  0FE8                     	;# 
   298  0FE9                     	;# 
   299  0FEA                     	;# 
   300  0FEB                     	;# 
   301  0FED                     	;# 
   302  0FEE                     	;# 
   303  0FEF                     	;# 
   304  0000                     	;# 
   305  0001                     	;# 
   306  0002                     	;# 
   307  0003                     	;# 
   308  0004                     	;# 
   309  0005                     	;# 
   310  0006                     	;# 
   311  0007                     	;# 
   312  0008                     	;# 
   313  0009                     	;# 
   314  000A                     	;# 
   315  000B                     	;# 
   316  000C                     	;# 
   317  000E                     	;# 
   318  0011                     	;# 
   319  0012                     	;# 
   320  0013                     	;# 
   321  0015                     	;# 
   322  0016                     	;# 
   323  0016                     	;# 
   324  0017                     	;# 
   325  0018                     	;# 
   326  0019                     	;# 
   327  001A                     	;# 
   328  001B                     	;# 
   329  001C                     	;# 
   330  001E                     	;# 
   331  001F                     	;# 
   332  008C                     	;# 
   333  008E                     	;# 
   334  0091                     	;# 
   335  0092                     	;# 
   336  0093                     	;# 
   337  0095                     	;# 
   338  0096                     	;# 
   339  0097                     	;# 
   340  0098                     	;# 
   341  0099                     	;# 
   342  009A                     	;# 
   343  009B                     	;# 
   344  009B                     	;# 
   345  009C                     	;# 
   346  009D                     	;# 
   347  009E                     	;# 
   348  010C                     	;# 
   349  010E                     	;# 
   350  0111                     	;# 
   351  0112                     	;# 
   352  0113                     	;# 
   353  0114                     	;# 
   354  0115                     	;# 
   355  0116                     	;# 
   356  0117                     	;# 
   357  0118                     	;# 
   358  0119                     	;# 
   359  011A                     	;# 
   360  011B                     	;# 
   361  011D                     	;# 
   362  011E                     	;# 
   363  018C                     	;# 
   364  018E                     	;# 
   365  0191                     	;# 
   366  0191                     	;# 
   367  0192                     	;# 
   368  0193                     	;# 
   369  0193                     	;# 
   370  0193                     	;# 
   371  0194                     	;# 
   372  0195                     	;# 
   373  0196                     	;# 
   374  0199                     	;# 
   375  019A                     	;# 
   376  019B                     	;# 
   377  019B                     	;# 
   378  019C                     	;# 
   379  019D                     	;# 
   380  019E                     	;# 
   381  019F                     	;# 
   382  020C                     	;# 
   383  020E                     	;# 
   384  0211                     	;# 
   385  0211                     	;# 
   386  0212                     	;# 
   387  0212                     	;# 
   388  0213                     	;# 
   389  0213                     	;# 
   390  0214                     	;# 
   391  0214                     	;# 
   392  0215                     	;# 
   393  0215                     	;# 
   394  0215                     	;# 
   395  0216                     	;# 
   396  0216                     	;# 
   397  0217                     	;# 
   398  0217                     	;# 
   399  0291                     	;# 
   400  0291                     	;# 
   401  0292                     	;# 
   402  0293                     	;# 
   403  0294                     	;# 
   404  0295                     	;# 
   405  0295                     	;# 
   406  0296                     	;# 
   407  0298                     	;# 
   408  0298                     	;# 
   409  0299                     	;# 
   410  029A                     	;# 
   411  029B                     	;# 
   412  029C                     	;# 
   413  029D                     	;# 
   414  029E                     	;# 
   415  0311                     	;# 
   416  0311                     	;# 
   417  0312                     	;# 
   418  0313                     	;# 
   419  0318                     	;# 
   420  0318                     	;# 
   421  0319                     	;# 
   422  031A                     	;# 
   423  038C                     	;# 
   424  038E                     	;# 
   425  0391                     	;# 
   426  0392                     	;# 
   427  0393                     	;# 
   428  039A                     	;# 
   429  039C                     	;# 
   430  039D                     	;# 
   431  039E                     	;# 
   432  039F                     	;# 
   433  0415                     	;# 
   434  0416                     	;# 
   435  0417                     	;# 
   436  041C                     	;# 
   437  041D                     	;# 
   438  041E                     	;# 
   439  0FE4                     	;# 
   440  0FE5                     	;# 
   441  0FE6                     	;# 
   442  0FE7                     	;# 
   443  0FE8                     	;# 
   444  0FE9                     	;# 
   445  0FEA                     	;# 
   446  0FEB                     	;# 
   447  0FED                     	;# 
   448  0FEE                     	;# 
   449  0FEF                     	;# 
   450  0000                     	;# 
   451  0001                     	;# 
   452  0002                     	;# 
   453  0003                     	;# 
   454  0004                     	;# 
   455  0005                     	;# 
   456  0006                     	;# 
   457  0007                     	;# 
   458  0008                     	;# 
   459  0009                     	;# 
   460  000A                     	;# 
   461  000B                     	;# 
   462  000C                     	;# 
   463  000E                     	;# 
   464  0011                     	;# 
   465  0012                     	;# 
   466  0013                     	;# 
   467  0015                     	;# 
   468  0016                     	;# 
   469  0016                     	;# 
   470  0017                     	;# 
   471  0018                     	;# 
   472  0019                     	;# 
   473  001A                     	;# 
   474  001B                     	;# 
   475  001C                     	;# 
   476  001E                     	;# 
   477  001F                     	;# 
   478  008C                     	;# 
   479  008E                     	;# 
   480  0091                     	;# 
   481  0092                     	;# 
   482  0093                     	;# 
   483  0095                     	;# 
   484  0096                     	;# 
   485  0097                     	;# 
   486  0098                     	;# 
   487  0099                     	;# 
   488  009A                     	;# 
   489  009B                     	;# 
   490  009B                     	;# 
   491  009C                     	;# 
   492  009D                     	;# 
   493  009E                     	;# 
   494  010C                     	;# 
   495  010E                     	;# 
   496  0111                     	;# 
   497  0112                     	;# 
   498  0113                     	;# 
   499  0114                     	;# 
   500  0115                     	;# 
   501  0116                     	;# 
   502  0117                     	;# 
   503  0118                     	;# 
   504  0119                     	;# 
   505  011A                     	;# 
   506  011B                     	;# 
   507  011D                     	;# 
   508  011E                     	;# 
   509  018C                     	;# 
   510  018E                     	;# 
   511  0191                     	;# 
   512  0191                     	;# 
   513  0192                     	;# 
   514  0193                     	;# 
   515  0193                     	;# 
   516  0193                     	;# 
   517  0194                     	;# 
   518  0195                     	;# 
   519  0196                     	;# 
   520  0199                     	;# 
   521  019A                     	;# 
   522  019B                     	;# 
   523  019B                     	;# 
   524  019C                     	;# 
   525  019D                     	;# 
   526  019E                     	;# 
   527  019F                     	;# 
   528  020C                     	;# 
   529  020E                     	;# 
   530  0211                     	;# 
   531  0211                     	;# 
   532  0212                     	;# 
   533  0212                     	;# 
   534  0213                     	;# 
   535  0213                     	;# 
   536  0214                     	;# 
   537  0214                     	;# 
   538  0215                     	;# 
   539  0215                     	;# 
   540  0215                     	;# 
   541  0216                     	;# 
   542  0216                     	;# 
   543  0217                     	;# 
   544  0217                     	;# 
   545  0291                     	;# 
   546  0291                     	;# 
   547  0292                     	;# 
   548  0293                     	;# 
   549  0294                     	;# 
   550  0295                     	;# 
   551  0295                     	;# 
   552  0296                     	;# 
   553  0298                     	;# 
   554  0298                     	;# 
   555  0299                     	;# 
   556  029A                     	;# 
   557  029B                     	;# 
   558  029C                     	;# 
   559  029D                     	;# 
   560  029E                     	;# 
   561  0311                     	;# 
   562  0311                     	;# 
   563  0312                     	;# 
   564  0313                     	;# 
   565  0318                     	;# 
   566  0318                     	;# 
   567  0319                     	;# 
   568  031A                     	;# 
   569  038C                     	;# 
   570  038E                     	;# 
   571  0391                     	;# 
   572  0392                     	;# 
   573  0393                     	;# 
   574  039A                     	;# 
   575  039C                     	;# 
   576  039D                     	;# 
   577  039E                     	;# 
   578  039F                     	;# 
   579  0415                     	;# 
   580  0416                     	;# 
   581  0417                     	;# 
   582  041C                     	;# 
   583  041D                     	;# 
   584  041E                     	;# 
   585  0FE4                     	;# 
   586  0FE5                     	;# 
   587  0FE6                     	;# 
   588  0FE7                     	;# 
   589  0FE8                     	;# 
   590  0FE9                     	;# 
   591  0FEA                     	;# 
   592  0FEB                     	;# 
   593  0FED                     	;# 
   594  0FEE                     	;# 
   595  0FEF                     	;# 
   596  0000                     	;# 
   597  0001                     	;# 
   598  0002                     	;# 
   599  0003                     	;# 
   600  0004                     	;# 
   601  0005                     	;# 
   602  0006                     	;# 
   603  0007                     	;# 
   604  0008                     	;# 
   605  0009                     	;# 
   606  000A                     	;# 
   607  000B                     	;# 
   608  000C                     	;# 
   609  000E                     	;# 
   610  0011                     	;# 
   611  0012                     	;# 
   612  0013                     	;# 
   613  0015                     	;# 
   614  0016                     	;# 
   615  0016                     	;# 
   616  0017                     	;# 
   617  0018                     	;# 
   618  0019                     	;# 
   619  001A                     	;# 
   620  001B                     	;# 
   621  001C                     	;# 
   622  001E                     	;# 
   623  001F                     	;# 
   624  008C                     	;# 
   625  008E                     	;# 
   626  0091                     	;# 
   627  0092                     	;# 
   628  0093                     	;# 
   629  0095                     	;# 
   630  0096                     	;# 
   631  0097                     	;# 
   632  0098                     	;# 
   633  0099                     	;# 
   634  009A                     	;# 
   635  009B                     	;# 
   636  009B                     	;# 
   637  009C                     	;# 
   638  009D                     	;# 
   639  009E                     	;# 
   640  010C                     	;# 
   641  010E                     	;# 
   642  0111                     	;# 
   643  0112                     	;# 
   644  0113                     	;# 
   645  0114                     	;# 
   646  0115                     	;# 
   647  0116                     	;# 
   648  0117                     	;# 
   649  0118                     	;# 
   650  0119                     	;# 
   651  011A                     	;# 
   652  011B                     	;# 
   653  011D                     	;# 
   654  011E                     	;# 
   655  018C                     	;# 
   656  018E                     	;# 
   657  0191                     	;# 
   658  0191                     	;# 
   659  0192                     	;# 
   660  0193                     	;# 
   661  0193                     	;# 
   662  0193                     	;# 
   663  0194                     	;# 
   664  0195                     	;# 
   665  0196                     	;# 
   666  0199                     	;# 
   667  019A                     	;# 
   668  019B                     	;# 
   669  019B                     	;# 
   670  019C                     	;# 
   671  019D                     	;# 
   672  019E                     	;# 
   673  019F                     	;# 
   674  020C                     	;# 
   675  020E                     	;# 
   676  0211                     	;# 
   677  0211                     	;# 
   678  0212                     	;# 
   679  0212                     	;# 
   680  0213                     	;# 
   681  0213                     	;# 
   682  0214                     	;# 
   683  0214                     	;# 
   684  0215                     	;# 
   685  0215                     	;# 
   686  0215                     	;# 
   687  0216                     	;# 
   688  0216                     	;# 
   689  0217                     	;# 
   690  0217                     	;# 
   691  0291                     	;# 
   692  0291                     	;# 
   693  0292                     	;# 
   694  0293                     	;# 
   695  0294                     	;# 
   696  0295                     	;# 
   697  0295                     	;# 
   698  0296                     	;# 
   699  0298                     	;# 
   700  0298                     	;# 
   701  0299                     	;# 
   702  029A                     	;# 
   703  029B                     	;# 
   704  029C                     	;# 
   705  029D                     	;# 
   706  029E                     	;# 
   707  0311                     	;# 
   708  0311                     	;# 
   709  0312                     	;# 
   710  0313                     	;# 
   711  0318                     	;# 
   712  0318                     	;# 
   713  0319                     	;# 
   714  031A                     	;# 
   715  038C                     	;# 
   716  038E                     	;# 
   717  0391                     	;# 
   718  0392                     	;# 
   719  0393                     	;# 
   720  039A                     	;# 
   721  039C                     	;# 
   722  039D                     	;# 
   723  039E                     	;# 
   724  039F                     	;# 
   725  0415                     	;# 
   726  0416                     	;# 
   727  0417                     	;# 
   728  041C                     	;# 
   729  041D                     	;# 
   730  041E                     	;# 
   731  0FE4                     	;# 
   732  0FE5                     	;# 
   733  0FE6                     	;# 
   734  0FE7                     	;# 
   735  0FE8                     	;# 
   736  0FE9                     	;# 
   737  0FEA                     	;# 
   738  0FEB                     	;# 
   739  0FED                     	;# 
   740  0FEE                     	;# 
   741  0FEF                     	;# 
   742  001E                     _CPSCON0bits	set	30
   743  000B                     _INTCONbits	set	11
   744  009D                     _ADCON0bits	set	157
   745  0095                     _OPTION_REGbits	set	149
   746  0099                     _OSCCONbits	set	153
   747  008C                     _TRISA	set	140
   748  008E                     _TRISC	set	142
   749  011D                     _APFCON0bits	set	285
   750  0111                     _CM1CON0bits	set	273
   751  0113                     _CM2CON0bits	set	275
   752  0118                     _DACCON0bits	set	280
   753  0117                     _FVRCONbits	set	279
   754  010C                     _LATA	set	268
   755  010E                     _LATC	set	270
   756  010E                     _LATCbits	set	270
   757  011A                     _SRCON0bits	set	282
   758  018C                     _ANSELA	set	396
   759  018E                     _ANSELC	set	398
   760  0211                     _SSP1BUF	set	529
   761  0215                     _SSP1CON1bits	set	533
   762  0214                     _SSP1STATbits	set	532
   763  020C                     _WPUA	set	524
   764  020E                     _WPUC	set	526
   765  038C                     _INLVLA	set	908
   766  038E                     _INLVLC	set	910
   767  0392                     _IOCAN	set	914
   768  0391                     _IOCAP	set	913
   769  039C                     _MDCONbits	set	924
   770                           
   771                           ; #config settings
   772  0000                     
   773                           	psect	cinit
   774  007E                     start_initialization:	
   775  007E                     __initialization:	
   776                           
   777                           ; Clear objects allocated to COMMON
   778  007E  01F0               	clrf	__pbssCOMMON& (0+127)
   779  007F  01F1               	clrf	(__pbssCOMMON+1)& (0+127)
   780  0080  01F2               	clrf	(__pbssCOMMON+2)& (0+127)
   781  0081  01F3               	clrf	(__pbssCOMMON+3)& (0+127)
   782  0082  01F4               	clrf	(__pbssCOMMON+4)& (0+127)
   783  0083  01F5               	clrf	(__pbssCOMMON+5)& (0+127)
   784  0084  01F6               	clrf	(__pbssCOMMON+6)& (0+127)
   785  0085  01F7               	clrf	(__pbssCOMMON+7)& (0+127)
   786  0086  01F8               	clrf	(__pbssCOMMON+8)& (0+127)
   787  0087  01F9               	clrf	(__pbssCOMMON+9)& (0+127)
   788  0088                     end_of_initialization:	
   789                           ;End of C runtime variable initialization code
   790                           
   791  0088                     __end_of__initialization:	
   792  0088  107E               	bcf	int$flags,0	;clear compiler interrupt flag (level 1)
   793  0089  0020               	movlb	0
   794  008A  3180  28CC         	ljmp	_main	;jump to C main() function
   795                           
   796                           	psect	bssCOMMON
   797  0070                     __pbssCOMMON:	
   798  0070                     _current_frame:	
   799  0070                     	ds	3
   800  0073                     _multiplexed_counter:	
   801  0073                     	ds	2
   802  0075                     _next_frame_counter:	
   803  0075                     	ds	2
   804  0077                     _clear_buffer_flag:	
   805  0077                     	ds	1
   806  0078                     _multiplexed_segment_counter:	
   807  0078                     	ds	2
   808                           
   809                           	psect	cstackCOMMON
   810  007A                     __pcstackCOMMON:	
   811  007A                     ?_ConfigureOscillator:	
   812  007A                     ?_InitApp:	
   813                           ; 1 bytes @ 0x0
   814                           
   815  007A                     ?_isr:	
   816                           ; 1 bytes @ 0x0
   817                           
   818  007A                     ??_isr:	
   819                           ; 1 bytes @ 0x0
   820                           
   821  007A                     ?_main:	
   822                           ; 1 bytes @ 0x0
   823                           
   824                           
   825                           ; 1 bytes @ 0x0
   826  007A                     	ds	4
   827  007E                     ??_ConfigureOscillator:	
   828  007E                     ??_InitApp:	
   829                           ; 1 bytes @ 0x4
   830                           
   831  007E                     ??_main:	
   832                           ; 1 bytes @ 0x4
   833                           
   834                           
   835                           	psect	maintext
   836  00CC                     __pmaintext:	
   837                           ; 1 bytes @ 0x4
   838 ;;
   839 ;;Main: autosize = 0, tempsize = 0, incstack = 0, save=0
   840 ;;
   841 ;; *************** function _main *****************
   842 ;; Defined at:
   843 ;;		line 32 in file "main.c"
   844 ;; Parameters:    Size  Location     Type
   845 ;;		None
   846 ;; Auto vars:     Size  Location     Type
   847 ;;		None
   848 ;; Return value:  Size  Location     Type
   849 ;;                  1    wreg      void 
   850 ;; Registers used:
   851 ;;		wreg, status,2, status,0, pclath, cstack
   852 ;; Tracked objects:
   853 ;;		On entry : B1F/0
   854 ;;		On exit  : 0/0
   855 ;;		Unchanged: 0/0
   856 ;; Data sizes:     COMMON   BANK0   BANK1   BANK2   BANK3   BANK4   BANK5   BANK6   BANK7   BANK8   BANK9  BANK10  BANK1
      +1  BANK12
   857 ;;      Params:         0       0       0       0       0       0       0       0       0       0       0       0       
      +0       0
   858 ;;      Locals:         0       0       0       0       0       0       0       0       0       0       0       0       
      +0       0
   859 ;;      Temps:          0       0       0       0       0       0       0       0       0       0       0       0       
      +0       0
   860 ;;      Totals:         0       0       0       0       0       0       0       0       0       0       0       0       
      +0       0
   861 ;;Total ram usage:        0 bytes
   862 ;; Hardware stack levels required when called:    2
   863 ;; This function calls:
   864 ;;		_ConfigureOscillator
   865 ;;		_InitApp
   866 ;; This function is called by:
   867 ;;		Startup code after reset
   868 ;; This function uses a non-reentrant model
   869 ;;
   870                           
   871                           
   872                           ;psect for function _main
   873  00CC                     _main:	
   874                           
   875                           ;main.c: 35: ConfigureOscillator();
   876                           
   877                           ;incstack = 0
   878                           ; Regs used in _main: [wreg+status,2+status,0+pclath+cstack]
   879  00CC  3180  20C4  3180   	fcall	_ConfigureOscillator
   880                           
   881                           ;main.c: 38: InitApp();
   882  00CF  3180  208C  3180   	fcall	_InitApp
   883  00D2                     l48:	
   884                           ;main.c: 57: while(1)
   885                           
   886                           
   887                           ;main.c: 58: {
   888  00D2  28D2               	goto	l48
   889  00D3                     __end_of_main:	
   890                           
   891                           	psect	text1
   892  008C                     __ptext1:	
   893 ;; *************** function _InitApp *****************
   894 ;; Defined at:
   895 ;;		line 22 in file "user.c"
   896 ;; Parameters:    Size  Location     Type
   897 ;;		None
   898 ;; Auto vars:     Size  Location     Type
   899 ;;		None
   900 ;; Return value:  Size  Location     Type
   901 ;;                  1    wreg      void 
   902 ;; Registers used:
   903 ;;		wreg, status,2, status,0
   904 ;; Tracked objects:
   905 ;;		On entry : 0/0
   906 ;;		On exit  : 0/0
   907 ;;		Unchanged: 0/0
   908 ;; Data sizes:     COMMON   BANK0   BANK1   BANK2   BANK3   BANK4   BANK5   BANK6   BANK7   BANK8   BANK9  BANK10  BANK1
      +1  BANK12
   909 ;;      Params:         0       0       0       0       0       0       0       0       0       0       0       0       
      +0       0
   910 ;;      Locals:         0       0       0       0       0       0       0       0       0       0       0       0       
      +0       0
   911 ;;      Temps:          0       0       0       0       0       0       0       0       0       0       0       0       
      +0       0
   912 ;;      Totals:         0       0       0       0       0       0       0       0       0       0       0       0       
      +0       0
   913 ;;Total ram usage:        0 bytes
   914 ;; Hardware stack levels used:    1
   915 ;; Hardware stack levels required when called:    1
   916 ;; This function calls:
   917 ;;		Nothing
   918 ;; This function is called by:
   919 ;;		_main
   920 ;; This function uses a non-reentrant model
   921 ;;
   922                           
   923                           
   924                           ;psect for function _InitApp
   925  008C                     _InitApp:	
   926                           
   927                           ;user.c: 27: WPUA = 0x00;
   928                           
   929                           ;incstack = 0
   930                           ; Regs used in _InitApp: [wreg+status,2+status,0]
   931  008C  0024               	movlb	4	; select bank4
   932  008D  018C               	clrf	12	;volatile
   933                           
   934                           ;user.c: 28: INLVLA = 0x00;
   935  008E  0027               	movlb	7	; select bank7
   936  008F  018C               	clrf	12	;volatile
   937                           
   938                           ;user.c: 29: LATA = 0x00;
   939  0090  0022               	movlb	2	; select bank2
   940  0091  018C               	clrf	12	;volatile
   941                           
   942                           ;user.c: 32: WPUC = 0x00;
   943  0092  0024               	movlb	4	; select bank4
   944  0093  018E               	clrf	14	;volatile
   945                           
   946                           ;user.c: 33: INLVLC = 0x00;
   947  0094  0027               	movlb	7	; select bank7
   948  0095  018E               	clrf	14	;volatile
   949                           
   950                           ;user.c: 34: LATC = 0x00;
   951  0096  0022               	movlb	2	; select bank2
   952  0097  018E               	clrf	14	;volatile
   953                           
   954                           ;user.c: 36: IOCAP = 0x00;
   955  0098  0027               	movlb	7	; select bank7
   956  0099  0191               	clrf	17	;volatile
   957                           
   958                           ;user.c: 37: IOCAN = 0x00;
   959  009A  0192               	clrf	18	;volatile
   960                           
   961                           ;user.c: 39: FVRCONbits.FVREN = 0b0;
   962  009B  0022               	movlb	2	; select bank2
   963  009C  1397               	bcf	23,7	;volatile
   964                           
   965                           ;user.c: 40: FVRCONbits.TSEN = 0b0;
   966  009D  1297               	bcf	23,5	;volatile
   967                           
   968                           ;user.c: 43: TRISA = 0x00;
   969  009E  0021               	movlb	1	; select bank1
   970  009F  018C               	clrf	12	;volatile
   971                           
   972                           ;user.c: 44: ANSELA = 0x00;
   973  00A0  0023               	movlb	3	; select bank3
   974  00A1  018C               	clrf	12	;volatile
   975                           
   976                           ;user.c: 46: TRISC = 0b001010;
   977  00A2  300A               	movlw	10
   978  00A3  0021               	movlb	1	; select bank1
   979  00A4  008E               	movwf	14	;volatile
   980                           
   981                           ;user.c: 47: ANSELC = 0x00;
   982  00A5  0023               	movlb	3	; select bank3
   983  00A6  018E               	clrf	14	;volatile
   984                           
   985                           ;user.c: 49: ADCON0bits.ADON = 0b0;
   986  00A7  0021               	movlb	1	; select bank1
   987  00A8  101D               	bcf	29,0	;volatile
   988                           
   989                           ;user.c: 50: DACCON0bits.DACEN = 0b0;
   990  00A9  0022               	movlb	2	; select bank2
   991  00AA  1398               	bcf	24,7	;volatile
   992                           
   993                           ;user.c: 51: DACCON0bits.DACOE = 0b0;
   994  00AB  1298               	bcf	24,5	;volatile
   995                           
   996                           ;user.c: 53: SRCON0bits.SRLEN = 0b0;
   997  00AC  139A               	bcf	26,7	;volatile
   998                           
   999                           ;user.c: 55: CM1CON0bits.C1ON = 0b0;
  1000  00AD  1391               	bcf	17,7	;volatile
  1001                           
  1002                           ;user.c: 56: CM2CON0bits.C2ON = 0b0;
  1003  00AE  1393               	bcf	19,7	;volatile
  1004                           
  1005                           ;user.c: 58: MDCONbits.MDEN = 0b0;
  1006  00AF  0027               	movlb	7	; select bank7
  1007  00B0  139C               	bcf	28,7	;volatile
  1008                           
  1009                           ;user.c: 59: CPSCON0bits.CPSON = 0b0;
  1010  00B1  0020               	movlb	0	; select bank0
  1011  00B2  139E               	bcf	30,7	;volatile
  1012                           
  1013                           ;user.c: 62: APFCON0bits.SDOSEL = 0b0;
  1014  00B3  0022               	movlb	2	; select bank2
  1015  00B4  131D               	bcf	29,6	;volatile
  1016                           
  1017                           ;user.c: 63: APFCON0bits.SSSEL = 0b0;
  1018  00B5  129D               	bcf	29,5	;volatile
  1019                           
  1020                           ;user.c: 68: OPTION_REGbits.nWPUEN = 0b1;
  1021  00B6  0021               	movlb	1	; select bank1
  1022  00B7  1795               	bsf	21,7	;volatile
  1023                           
  1024                           ;user.c: 69: OPTION_REGbits.TMR0CS = 0b0;
  1025  00B8  1295               	bcf	21,5	;volatile
  1026                           
  1027                           ;user.c: 70: OPTION_REGbits.PSA = 0b1;
  1028  00B9  1595               	bsf	21,3	;volatile
  1029                           
  1030                           ;user.c: 73: SSP1STATbits.CKE = 0b1;
  1031  00BA  0024               	movlb	4	; select bank4
  1032  00BB  1714               	bsf	20,6	;volatile
  1033                           
  1034                           ;user.c: 75: SSP1CON1bits.SSPEN = 0b1;
  1035  00BC  1695               	bsf	21,5	;volatile
  1036                           
  1037                           ;user.c: 76: SSP1CON1bits.CKP = 0b0;
  1038  00BD  1215               	bcf	21,4	;volatile
  1039                           
  1040                           ;user.c: 77: SSP1CON1bits.SSPM = 0b0000;
  1041  00BE  30F0               	movlw	-16
  1042  00BF  0595               	andwf	21,f	;volatile
  1043                           
  1044                           ;user.c: 82: INTCONbits.GIE = 0b1;
  1045  00C0  178B               	bsf	11,7	;volatile
  1046                           
  1047                           ;user.c: 83: INTCONbits.TMR0IE = 0b1;
  1048  00C1  168B               	bsf	11,5	;volatile
  1049                           
  1050                           ;user.c: 84: INTCONbits.PEIE = 0b1;
  1051  00C2  170B               	bsf	11,6	;volatile
  1052  00C3  0008               	return
  1053  00C4                     __end_of_InitApp:	
  1054                           
  1055                           	psect	text2
  1056  00C4                     __ptext2:	
  1057 ;; *************** function _ConfigureOscillator *****************
  1058 ;; Defined at:
  1059 ;;		line 18 in file "system.c"
  1060 ;; Parameters:    Size  Location     Type
  1061 ;;		None
  1062 ;; Auto vars:     Size  Location     Type
  1063 ;;		None
  1064 ;; Return value:  Size  Location     Type
  1065 ;;                  1    wreg      void 
  1066 ;; Registers used:
  1067 ;;		wreg, status,2, status,0
  1068 ;; Tracked objects:
  1069 ;;		On entry : 0/0
  1070 ;;		On exit  : 0/0
  1071 ;;		Unchanged: 0/0
  1072 ;; Data sizes:     COMMON   BANK0   BANK1   BANK2   BANK3   BANK4   BANK5   BANK6   BANK7   BANK8   BANK9  BANK10  BANK1
      +1  BANK12
  1073 ;;      Params:         0       0       0       0       0       0       0       0       0       0       0       0       
      +0       0
  1074 ;;      Locals:         0       0       0       0       0       0       0       0       0       0       0       0       
      +0       0
  1075 ;;      Temps:          0       0       0       0       0       0       0       0       0       0       0       0       
      +0       0
  1076 ;;      Totals:         0       0       0       0       0       0       0       0       0       0       0       0       
      +0       0
  1077 ;;Total ram usage:        0 bytes
  1078 ;; Hardware stack levels used:    1
  1079 ;; Hardware stack levels required when called:    1
  1080 ;; This function calls:
  1081 ;;		Nothing
  1082 ;; This function is called by:
  1083 ;;		_main
  1084 ;; This function uses a non-reentrant model
  1085 ;;
  1086                           
  1087                           
  1088                           ;psect for function _ConfigureOscillator
  1089  00C4                     _ConfigureOscillator:	
  1090                           
  1091                           ;system.c: 28: OSCCONbits.IRCF = 0b1110;
  1092                           
  1093                           ;incstack = 0
  1094                           ; Regs used in _ConfigureOscillator: [wreg+status,2+status,0]
  1095  00C4  0021               	movlb	1	; select bank1
  1096  00C5  0819               	movf	25,w	;volatile
  1097  00C6  3987               	andlw	-121
  1098  00C7  3870               	iorlw	112
  1099  00C8  0099               	movwf	25	;volatile
  1100                           
  1101                           ;system.c: 29: OSCCONbits.SCS = 0b00;
  1102  00C9  30FC               	movlw	-4
  1103  00CA  0599               	andwf	25,f	;volatile
  1104  00CB  0008               	return
  1105  00CC                     __end_of_ConfigureOscillator:	
  1106                           
  1107                           	psect	intentry
  1108  0004                     __pintentry:	
  1109 ;; *************** function _isr *****************
  1110 ;; Defined at:
  1111 ;;		line 31 in file "interrupts.c"
  1112 ;; Parameters:    Size  Location     Type
  1113 ;;		None
  1114 ;; Auto vars:     Size  Location     Type
  1115 ;;		None
  1116 ;; Return value:  Size  Location     Type
  1117 ;;                  1    wreg      void 
  1118 ;; Registers used:
  1119 ;;		wreg, status,2, status,0
  1120 ;; Tracked objects:
  1121 ;;		On entry : 0/0
  1122 ;;		On exit  : 0/0
  1123 ;;		Unchanged: 0/0
  1124 ;; Data sizes:     COMMON   BANK0   BANK1   BANK2   BANK3   BANK4   BANK5   BANK6   BANK7   BANK8   BANK9  BANK10  BANK1
      +1  BANK12
  1125 ;;      Params:         0       0       0       0       0       0       0       0       0       0       0       0       
      +0       0
  1126 ;;      Locals:         0       0       0       0       0       0       0       0       0       0       0       0       
      +0       0
  1127 ;;      Temps:          4       0       0       0       0       0       0       0       0       0       0       0       
      +0       0
  1128 ;;      Totals:         4       0       0       0       0       0       0       0       0       0       0       0       
      +0       0
  1129 ;;Total ram usage:        4 bytes
  1130 ;; Hardware stack levels used:    1
  1131 ;; This function calls:
  1132 ;;		Nothing
  1133 ;; This function is called by:
  1134 ;;		Interrupt level 1
  1135 ;; This function uses a non-reentrant model
  1136 ;;
  1137                           
  1138  0004                     _isr:	
  1139                           
  1140                           ;incstack = 0
  1141  0004  147E               	bsf	126,0	;set compiler interrupt flag (level 1)
  1142                           
  1143                           ; Regs used in _isr: [wreg+status,2+status,0]
  1144  0005  3180               	pagesel	$
  1145  0006  0020               	movlb	0	; select bank0
  1146  0007  087F               	movf	127,w
  1147  0008  00FD               	movwf	??_isr+3
  1148                           
  1149                           ;interrupts.c: 38: if(INTCONbits.TMR0IE == 1 && INTCONbits.TMR0IF == 1)
  1150  0009  1A8B               	btfsc	11,5	;volatile
  1151  000A  1D0B               	btfss	11,2	;volatile
  1152  000B  2877               	goto	i1l31
  1153                           
  1154                           ;interrupts.c: 39: {
  1155                           ;interrupts.c: 40: multiplexed_counter++;
  1156  000C  3001               	movlw	1
  1157  000D  07F3               	addwf	_multiplexed_counter,f
  1158  000E  3000               	movlw	0
  1159  000F  3DF4               	addwfc	_multiplexed_counter+1,f
  1160                           
  1161                           ;interrupts.c: 43: if(multiplexed_counter >= 10)
  1162  0010  3000               	movlw	0
  1163  0011  0274               	subwf	_multiplexed_counter+1,w
  1164  0012  300A               	movlw	10
  1165  0013  1903               	skipnz
  1166  0014  0273               	subwf	_multiplexed_counter,w
  1167  0015  1C03               	skipc
  1168  0016  2876               	goto	i1l649
  1169                           
  1170                           ;interrupts.c: 44: {
  1171                           ;interrupts.c: 46: multiplexed_counter = 0;
  1172  0017  01F3               	clrf	_multiplexed_counter
  1173  0018  01F4               	clrf	_multiplexed_counter+1
  1174                           
  1175                           ;interrupts.c: 50: SSP1BUF = 1 << multiplexed_segment_counter;
  1176  0019  3001               	movlw	1
  1177  001A  00FA               	movwf	??_isr
  1178  001B  0A78               	incf	_multiplexed_segment_counter,w
  1179  001C  281E               	goto	u4_24
  1180  001D                     u4_25:	
  1181  001D  35FA               	lslf	??_isr,f
  1182  001E                     u4_24:	
  1183  001E  0B89               	decfsz	9,f
  1184  001F  281D               	goto	u4_25
  1185  0020  087A               	movf	??_isr,w
  1186  0021  0024               	movlb	4	; select bank4
  1187  0022  0091               	movwf	17	;volatile
  1188  0023                     i1l23:	
  1189                           ;interrupts.c: 51: while(SSP1STATbits.BF == 0);
  1190                           
  1191  0023  1C14               	btfss	20,0	;volatile
  1192  0024  2823               	goto	i1l23
  1193                           
  1194                           ;interrupts.c: 52: clear_buffer_flag = SSP1BUF;
  1195  0025  0811               	movf	17,w	;volatile
  1196  0026  00FA               	movwf	??_isr
  1197  0027  087A               	movf	??_isr,w
  1198  0028  00F7               	movwf	_clear_buffer_flag
  1199                           
  1200                           ;interrupts.c: 53: SSP1BUF = (!current_frame) >> multiplexed_segment_counter;
  1201  0029  0A78               	incf	_multiplexed_segment_counter,w
  1202  002A  00FA               	movwf	??_isr
  1203  002B  0872               	movf	_current_frame+2,w
  1204  002C  0471               	iorwf	_current_frame+1,w
  1205  002D  0470               	iorwf	_current_frame,w
  1206  002E  1D03               	btfss	3,2
  1207  002F  2832               	goto	u6_20
  1208  0030  3001               	movlw	1
  1209  0031  2833               	goto	u7_20
  1210  0032                     u6_20:	
  1211  0032  3000               	movlw	0
  1212  0033                     u7_20:	
  1213  0033  00FB               	movwf	??_isr+1
  1214  0034  01FC               	clrf	??_isr+2
  1215  0035  2839               	goto	u8_24
  1216  0036                     u8_25:	
  1217  0036  0D7C               	rlf	??_isr+2,w
  1218  0037  0CFC               	rrf	??_isr+2,f
  1219  0038  0CFB               	rrf	??_isr+1,f
  1220  0039                     u8_24:	
  1221  0039  0BFA               	decfsz	??_isr,f
  1222  003A  2836               	goto	u8_25
  1223  003B  087B               	movf	??_isr+1,w
  1224  003C  0024               	movlb	4	; select bank4
  1225  003D  0091               	movwf	17	;volatile
  1226  003E                     i1l26:	
  1227                           ;interrupts.c: 54: while(SSP1STATbits.BF == 0);
  1228                           
  1229  003E  1C14               	btfss	20,0	;volatile
  1230  003F  283E               	goto	i1l26
  1231                           
  1232                           ;interrupts.c: 55: clear_buffer_flag = SSP1BUF;
  1233  0040  0811               	movf	17,w	;volatile
  1234  0041  00FA               	movwf	??_isr
  1235  0042  087A               	movf	??_isr,w
  1236  0043  00F7               	movwf	_clear_buffer_flag
  1237                           
  1238                           ;interrupts.c: 56: LATCbits.LATC5 = 1;
  1239  0044  0022               	movlb	2	; select bank2
  1240  0045  168E               	bsf	14,5	;volatile
  1241                           
  1242                           ;interrupts.c: 57: LATCbits.LATC5 = 0;
  1243  0046  128E               	bcf	14,5	;volatile
  1244                           
  1245                           ;interrupts.c: 59: next_frame_counter++;
  1246  0047  3001               	movlw	1
  1247  0048  07F5               	addwf	_next_frame_counter,f
  1248  0049  3000               	movlw	0
  1249  004A  3DF6               	addwfc	_next_frame_counter+1,f
  1250                           
  1251                           ;interrupts.c: 60: multiplexed_segment_counter++;
  1252  004B  3001               	movlw	1
  1253  004C  07F8               	addwf	_multiplexed_segment_counter,f
  1254  004D  3000               	movlw	0
  1255  004E  3DF9               	addwfc	_multiplexed_segment_counter+1,f
  1256                           
  1257                           ;interrupts.c: 62: if(multiplexed_segment_counter > 2)
  1258  004F  3000               	movlw	0
  1259  0050  0279               	subwf	_multiplexed_segment_counter+1,w
  1260  0051  3003               	movlw	3
  1261  0052  1903               	skipnz
  1262  0053  0278               	subwf	_multiplexed_segment_counter,w
  1263  0054  1C03               	skipc
  1264  0055  2858               	goto	i1l643
  1265                           
  1266                           ;interrupts.c: 63: {
  1267                           ;interrupts.c: 64: multiplexed_segment_counter = 0;
  1268  0056  01F8               	clrf	_multiplexed_segment_counter
  1269  0057  01F9               	clrf	_multiplexed_segment_counter+1
  1270  0058                     i1l643:	
  1271                           
  1272                           ;interrupts.c: 65: }
  1273                           ;interrupts.c: 68: if(next_frame_counter >= 1600)
  1274  0058  3006               	movlw	6
  1275  0059  0276               	subwf	_next_frame_counter+1,w
  1276  005A  3040               	movlw	64
  1277  005B  1903               	skipnz
  1278  005C  0275               	subwf	_next_frame_counter,w
  1279  005D  1C03               	skipc
  1280  005E  2876               	goto	i1l649
  1281                           
  1282                           ;interrupts.c: 69: {
  1283                           ;interrupts.c: 71: next_frame_counter = 0;
  1284  005F  01F5               	clrf	_next_frame_counter
  1285  0060  01F6               	clrf	_next_frame_counter+1
  1286                           
  1287                           ;interrupts.c: 73: current_frame = (current_frame << 1) + 1;
  1288  0061  0870               	movf	_current_frame,w
  1289  0062  00FA               	movwf	??_isr
  1290  0063  0871               	movf	_current_frame+1,w
  1291  0064  00FB               	movwf	??_isr+1
  1292  0065  0872               	movf	_current_frame+2,w
  1293  0066  00FC               	movwf	??_isr+2
  1294  0067  3001               	movlw	1
  1295  0068                     u12_25:	
  1296  0068  35FA               	lslf	??_isr,f
  1297  0069  0DFB               	rlf	??_isr+1,f
  1298  006A  0DFC               	rlf	??_isr+2,f
  1299  006B  0B89               	decfsz	9,f
  1300  006C  2868               	goto	u12_25
  1301  006D  3001               	movlw	1
  1302  006E  077A               	addwf	??_isr,w
  1303  006F  00F0               	movwf	_current_frame
  1304  0070  3000               	movlw	0
  1305  0071  3D7B               	addwfc	??_isr+1,w
  1306  0072  00F1               	movwf	_current_frame+1
  1307  0073  3000               	movlw	0
  1308  0074  3D7C               	addwfc	??_isr+2,w
  1309  0075  00F2               	movwf	_current_frame+2
  1310  0076                     i1l649:	
  1311                           
  1312                           ;interrupts.c: 74: }
  1313                           ;interrupts.c: 77: }
  1314                           ;interrupts.c: 79: INTCONbits.TMR0IF = 0;
  1315  0076  110B               	bcf	11,2	;volatile
  1316  0077                     i1l31:	
  1317  0077  087D               	movf	??_isr+3,w
  1318  0078  0020               	movlb	0	; select bank0
  1319  0079  00FF               	movwf	127
  1320  007A  107E               	bcf	126,0	;clear compiler interrupt flag (level 1)
  1321  007B  0009               	retfie
  1322  007C                     __end_of_isr:	
  1323  007E                     btemp	set	126	;btemp
  1324  007E                     int$flags	set	126
  1325  007E                     wtemp	set	126
  1326  007E                     wtemp0	set	126
  1327  0080                     wtemp1	set	128
  1328  0082                     wtemp2	set	130
  1329  0084                     wtemp3	set	132
  1330  0086                     wtemp4	set	134
  1331  0088                     wtemp5	set	136
  1332  007F                     wtemp6	set	127
  1333  007E                     ttemp	set	126
  1334  007E                     ttemp0	set	126
  1335  0081                     ttemp1	set	129
  1336  0084                     ttemp2	set	132
  1337  0087                     ttemp3	set	135
  1338  007F                     ttemp4	set	127
  1339  007E                     ltemp	set	126
  1340  007E                     ltemp0	set	126
  1341  0082                     ltemp1	set	130
  1342  0086                     ltemp2	set	134
  1343  0080                     ltemp3	set	128


Data Sizes:
    Strings     0
    Constant    0
    Data        0
    BSS         10
    Persistent  0
    Stack       0

Auto Spaces:
    Space          Size  Autos    Used
    COMMON           14      4      14
    BANK0            80      0       0
    BANK1            80      0       0
    BANK2            80      0       0
    BANK3            80      0       0
    BANK4            80      0       0
    BANK5            80      0       0
    BANK6            80      0       0
    BANK7            80      0       0
    BANK8            80      0       0
    BANK9            80      0       0
    BANK10           80      0       0
    BANK11           80      0       0
    BANK12           48      0       0

Pointer List with Targets:

    None.

Critical Paths under _main in COMMON

    None.

Critical Paths under _isr in COMMON

    None.

Critical Paths under _main in BANK0

    None.

Critical Paths under _isr in BANK0

    None.

Critical Paths under _main in BANK1

    None.

Critical Paths under _isr in BANK1

    None.

Critical Paths under _main in BANK2

    None.

Critical Paths under _isr in BANK2

    None.

Critical Paths under _main in BANK3

    None.

Critical Paths under _isr in BANK3

    None.

Critical Paths under _main in BANK4

    None.

Critical Paths under _isr in BANK4

    None.

Critical Paths under _main in BANK5

    None.

Critical Paths under _isr in BANK5

    None.

Critical Paths under _main in BANK6

    None.

Critical Paths under _isr in BANK6

    None.

Critical Paths under _main in BANK7

    None.

Critical Paths under _isr in BANK7

    None.

Critical Paths under _main in BANK8

    None.

Critical Paths under _isr in BANK8

    None.

Critical Paths under _main in BANK9

    None.

Critical Paths under _isr in BANK9

    None.

Critical Paths under _main in BANK10

    None.

Critical Paths under _isr in BANK10

    None.

Critical Paths under _main in BANK11

    None.

Critical Paths under _isr in BANK11

    None.

Critical Paths under _main in BANK12

    None.

Critical Paths under _isr in BANK12

    None.

Call Graph Tables:

 ---------------------------------------------------------------------------------
 (Depth) Function   	        Calls       Base Space   Used Autos Params    Refs
 ---------------------------------------------------------------------------------
 (0) _main                                                 0     0      0       0
                _ConfigureOscillator
                            _InitApp
 ---------------------------------------------------------------------------------
 (1) _InitApp                                              0     0      0       0
 ---------------------------------------------------------------------------------
 (1) _ConfigureOscillator                                  0     0      0       0
 ---------------------------------------------------------------------------------
 Estimated maximum stack depth 1
 ---------------------------------------------------------------------------------
 (Depth) Function   	        Calls       Base Space   Used Autos Params    Refs
 ---------------------------------------------------------------------------------
 (2) _isr                                                  4     4      0       0
                                              0 COMMON     4     4      0
 ---------------------------------------------------------------------------------
 Estimated maximum stack depth 2
 ---------------------------------------------------------------------------------

 Call Graph Graphs:

 _main (ROOT)
   _ConfigureOscillator
   _InitApp

 _isr (ROOT)

 Address spaces:
Name               Size   Autos  Total    Cost      Usage
BIGRAM             3F0      0       0       0        0.0%
EEDATA             100      0       0       0        0.0%
NULL                 0      0       0       0        0.0%
CODE                 0      0       0       0        0.0%
BITCOMMON            E      0       0       1        0.0%
BITSFR0              0      0       0       1        0.0%
SFR0                 0      0       0       1        0.0%
COMMON               E      4       E       2      100.0%
BITSFR1              0      0       0       2        0.0%
SFR1                 0      0       0       2        0.0%
BITSFR2              0      0       0       3        0.0%
SFR2                 0      0       0       3        0.0%
STACK                0      0       0       3        0.0%
BITBANK0            50      0       0       4        0.0%
BITSFR3              0      0       0       4        0.0%
SFR3                 0      0       0       4        0.0%
BANK0               50      0       0       5        0.0%
BITSFR4              0      0       0       5        0.0%
SFR4                 0      0       0       5        0.0%
BITBANK1            50      0       0       6        0.0%
BITSFR5              0      0       0       6        0.0%
SFR5                 0      0       0       6        0.0%
BANK1               50      0       0       7        0.0%
BITSFR6              0      0       0       7        0.0%
SFR6                 0      0       0       7        0.0%
BITBANK2            50      0       0       8        0.0%
BITSFR7              0      0       0       8        0.0%
SFR7                 0      0       0       8        0.0%
BANK2               50      0       0       9        0.0%
BITSFR8              0      0       0       9        0.0%
SFR8                 0      0       0       9        0.0%
BITBANK3            50      0       0      10        0.0%
BITSFR9              0      0       0      10        0.0%
SFR9                 0      0       0      10        0.0%
BANK3               50      0       0      11        0.0%
BITSFR10             0      0       0      11        0.0%
SFR10                0      0       0      11        0.0%
BITBANK4            50      0       0      12        0.0%
BITSFR11             0      0       0      12        0.0%
SFR11                0      0       0      12        0.0%
BANK4               50      0       0      13        0.0%
BITSFR12             0      0       0      13        0.0%
SFR12                0      0       0      13        0.0%
BITBANK5            50      0       0      14        0.0%
BITSFR13             0      0       0      14        0.0%
SFR13                0      0       0      14        0.0%
BANK5               50      0       0      15        0.0%
BITSFR14             0      0       0      15        0.0%
SFR14                0      0       0      15        0.0%
BITBANK6            50      0       0      16        0.0%
BITSFR15             0      0       0      16        0.0%
SFR15                0      0       0      16        0.0%
BANK6               50      0       0      17        0.0%
BITSFR16             0      0       0      17        0.0%
SFR16                0      0       0      17        0.0%
BITBANK7            50      0       0      18        0.0%
BITSFR17             0      0       0      18        0.0%
SFR17                0      0       0      18        0.0%
BANK7               50      0       0      19        0.0%
BITSFR18             0      0       0      19        0.0%
SFR18                0      0       0      19        0.0%
BITSFR19             0      0       0      20        0.0%
SFR19                0      0       0      20        0.0%
ABS                  0      0       E      20        0.0%
BITBANK8            50      0       0      21        0.0%
BITSFR20             0      0       0      21        0.0%
SFR20                0      0       0      21        0.0%
BANK8               50      0       0      22        0.0%
BITSFR21             0      0       0      22        0.0%
SFR21                0      0       0      22        0.0%
BITBANK9            50      0       0      23        0.0%
BITSFR22             0      0       0      23        0.0%
SFR22                0      0       0      23        0.0%
BANK9               50      0       0      24        0.0%
BITSFR23             0      0       0      24        0.0%
SFR23                0      0       0      24        0.0%
BITBANK10           50      0       0      25        0.0%
BITSFR24             0      0       0      25        0.0%
SFR24                0      0       0      25        0.0%
BANK10              50      0       0      26        0.0%
BITSFR25             0      0       0      26        0.0%
SFR25                0      0       0      26        0.0%
BITBANK11           50      0       0      27        0.0%
BITSFR26             0      0       0      27        0.0%
SFR26                0      0       0      27        0.0%
BANK11              50      0       0      28        0.0%
BITSFR27             0      0       0      28        0.0%
SFR27                0      0       0      28        0.0%
BITBANK12           30      0       0      29        0.0%
BITSFR28             0      0       0      29        0.0%
SFR28                0      0       0      29        0.0%
BANK12              30      0       0      30        0.0%
BITSFR29             0      0       0      30        0.0%
SFR29                0      0       0      30        0.0%
BITSFR30             0      0       0      31        0.0%
SFR30                0      0       0      31        0.0%
DATA                 0      0       E      31        0.0%
BITSFR31             0      0       0      32        0.0%
SFR31                0      0       0      32        0.0%


Microchip Technology PIC Macro Assembler V1.38 build -256452561 
Symbol Table                                                                                   Wed Dec 14 10:02:42 2016

                 __CFG_CP$OFF 0000                            l48 00D2                  __CFG_CPD$OFF 0000  
                         _isr 0004                  __CFG_BORV$LO 0000                           wreg 0009  
                __CFG_IESO$ON 0000                  __CFG_LVP$OFF 0000                          ?_isr 007A  
                        _LATA 010C                          _LATC 010E                          i1l23 0023  
                        i1l31 0077                          i1l26 003E                          _WPUA 020C  
                        _WPUC 020E                          u4_24 001E                          u4_25 001D  
                        u6_20 0032                          u7_20 0033                          u8_24 0039  
                        u8_25 0036                 __CFG_FCMEN$ON 0000                          _main 00CC  
                        btemp 007E                 __CFG_BOREN$ON 0000                          ltemp 007E  
                        start 007C                          ttemp 007E                          wtemp 007E  
               __CFG_MCLRE$ON 0000               __end_of_InitApp 00C4                         ??_isr 007A  
               __CFG_PLLEN$ON 0000                         ?_main 007A                 __CFG_WDTE$OFF 0000  
                       _IOCAN 0392                         _IOCAP 0391                         i1l643 0058  
                       i1l649 0076                         u12_25 0068                         _TRISA 008C  
                       _TRISC 008E           _ConfigureOscillator 00C4                 __CFG_WRT$BOOT 0000  
                       ltemp0 007E                         ltemp1 0082                         ltemp2 0086  
                       ltemp3 0080                         ttemp0 007E                         ttemp1 0081  
                       ttemp2 0084                         ttemp3 0087                         ttemp4 007F  
                       wtemp0 007E                         wtemp1 0080                         wtemp2 0082  
                       wtemp3 0084                         wtemp4 0086                         wtemp5 0088  
                       wtemp6 007F           _multiplexed_counter 0073          ?_ConfigureOscillator 007A  
             __initialization 007E                  __end_of_main 00D3                        ??_main 007E  
                      _ANSELA 018C                        _ANSELC 018E                        _INLVLA 038C  
                      _INLVLC 038E                     ??_InitApp 007E         ??_ConfigureOscillator 007E  
              __CFG_PWRTE$OFF 0000                __CFG_STVREN$ON 0000       __end_of__initialization 0088  
              __pcstackCOMMON 007A                _OPTION_REGbits 0095                 _current_frame 0070  
                  __pmaintext 00CC                    __pintentry 0004                       _SSP1BUF 0211  
                     _InitApp 008C                       __ptext1 008C                       __ptext2 00C4  
                __size_of_isr 0078                     _MDCONbits 039C          end_of_initialization 0088  
            __CFG_FOSC$INTOSC 0000                   _DACCON0bits 0118   __end_of_ConfigureOscillator 00CC  
                 _CM1CON0bits 0111                   _CM2CON0bits 0113             _clear_buffer_flag 0077  
         start_initialization 007E                   __end_of_isr 007C   _multiplexed_segment_counter 0078  
                 _APFCON0bits 011D                   __pbssCOMMON 0070                     ___latbits 0002  
                    ?_InitApp 007A                   _CPSCON0bits 001E                      _LATCbits 010E  
                  _ADCON0bits 009D              __size_of_InitApp 0038                  _SSP1CON1bits 0215  
               __size_of_main 0007  __size_of_ConfigureOscillator 0008                      int$flags 007E  
                _SSP1STATbits 0214                    _INTCONbits 000B                    _FVRCONbits 0117  
          _next_frame_counter 0075                      intlevel1 0000             __CFG_CLKOUTEN$OFF 0000  
                  _OSCCONbits 0099                    _SRCON0bits 011A  
